mode: atomic
github.com/mdshabbir-ali/code-runtime/internal/api/handlers/auth.go:30.105,32.2 1 0
github.com/mdshabbir-ali/code-runtime/internal/api/handlers/auth.go:35.53,37.47 2 0
github.com/mdshabbir-ali/code-runtime/internal/api/handlers/auth.go:37.47,40.3 2 0
github.com/mdshabbir-ali/code-runtime/internal/api/handlers/auth.go:42.2,46.16 4 0
github.com/mdshabbir-ali/code-runtime/internal/api/handlers/auth.go:46.16,50.3 2 0
github.com/mdshabbir-ali/code-runtime/internal/api/handlers/auth.go:52.2,52.20 1 0
github.com/mdshabbir-ali/code-runtime/internal/api/handlers/auth.go:52.20,55.3 2 0
github.com/mdshabbir-ali/code-runtime/internal/api/handlers/auth.go:57.2,57.103 1 0
github.com/mdshabbir-ali/code-runtime/internal/api/handlers/auth.go:57.103,60.3 2 0
github.com/mdshabbir-ali/code-runtime/internal/api/handlers/auth.go:62.2,63.16 2 0
github.com/mdshabbir-ali/code-runtime/internal/api/handlers/auth.go:63.16,67.3 3 0
github.com/mdshabbir-ali/code-runtime/internal/api/handlers/auth.go:69.2,73.4 1 0
github.com/mdshabbir-ali/code-runtime/internal/api/handlers/auth.go:78.54,80.47 2 0
github.com/mdshabbir-ali/code-runtime/internal/api/handlers/auth.go:80.47,83.3 2 0
github.com/mdshabbir-ali/code-runtime/internal/api/handlers/auth.go:85.2,86.9 2 0
github.com/mdshabbir-ali/code-runtime/internal/api/handlers/auth.go:86.9,89.3 2 0
github.com/mdshabbir-ali/code-runtime/internal/api/handlers/auth.go:91.2,92.9 2 0
github.com/mdshabbir-ali/code-runtime/internal/api/handlers/auth.go:92.9,95.3 2 0
github.com/mdshabbir-ali/code-runtime/internal/api/handlers/auth.go:97.2,98.16 2 0
github.com/mdshabbir-ali/code-runtime/internal/api/handlers/auth.go:98.16,102.3 3 0
github.com/mdshabbir-ali/code-runtime/internal/api/handlers/auth.go:104.2,115.61 4 0
github.com/mdshabbir-ali/code-runtime/internal/api/handlers/auth.go:115.61,119.3 3 0
github.com/mdshabbir-ali/code-runtime/internal/api/handlers/auth.go:121.2,126.4 1 0
github.com/mdshabbir-ali/code-runtime/internal/api/handlers/auth.go:133.74,151.16 6 0
github.com/mdshabbir-ali/code-runtime/internal/api/handlers/auth.go:151.16,153.3 1 0
github.com/mdshabbir-ali/code-runtime/internal/api/handlers/auth.go:155.2,155.45 1 0
github.com/mdshabbir-ali/code-runtime/internal/api/handlers/auth.go:160.64,162.39 2 0
github.com/mdshabbir-ali/code-runtime/internal/api/handlers/auth.go:162.39,164.3 1 0
github.com/mdshabbir-ali/code-runtime/internal/api/handlers/auth.go:165.2,169.8 5 0
github.com/mdshabbir-ali/code-runtime/internal/api/handlers/batch.go:48.59,50.23 2 0
github.com/mdshabbir-ali/code-runtime/internal/api/handlers/batch.go:50.23,52.3 1 0
github.com/mdshabbir-ali/code-runtime/internal/api/handlers/batch.go:53.2,61.3 1 0
github.com/mdshabbir-ali/code-runtime/internal/api/handlers/batch.go:70.52,72.47 2 0
github.com/mdshabbir-ali/code-runtime/internal/api/handlers/batch.go:72.47,75.3 2 0
github.com/mdshabbir-ali/code-runtime/internal/api/handlers/batch.go:76.2,76.43 1 0
github.com/mdshabbir-ali/code-runtime/internal/api/handlers/batch.go:76.43,81.3 2 0
github.com/mdshabbir-ali/code-runtime/internal/api/handlers/batch.go:83.2,86.16 3 0
github.com/mdshabbir-ali/code-runtime/internal/api/handlers/batch.go:86.16,88.3 1 0
github.com/mdshabbir-ali/code-runtime/internal/api/handlers/batch.go:90.2,100.16 3 0
github.com/mdshabbir-ali/code-runtime/internal/api/handlers/batch.go:100.16,103.3 2 0
github.com/mdshabbir-ali/code-runtime/internal/api/handlers/batch.go:106.2,106.76 1 0
github.com/mdshabbir-ali/code-runtime/internal/api/handlers/batch.go:106.76,110.3 3 0
github.com/mdshabbir-ali/code-runtime/internal/api/handlers/batch.go:112.2,118.4 2 0
github.com/mdshabbir-ali/code-runtime/internal/api/handlers/batch.go:125.51,127.42 2 0
github.com/mdshabbir-ali/code-runtime/internal/api/handlers/batch.go:127.42,130.3 2 0
github.com/mdshabbir-ali/code-runtime/internal/api/handlers/batch.go:133.2,133.72 1 0
github.com/mdshabbir-ali/code-runtime/internal/api/handlers/batch.go:133.72,134.43 1 0
github.com/mdshabbir-ali/code-runtime/internal/api/handlers/batch.go:134.43,137.4 2 0
github.com/mdshabbir-ali/code-runtime/internal/api/handlers/batch.go:138.3,140.9 3 0
github.com/mdshabbir-ali/code-runtime/internal/api/handlers/batch.go:143.2,143.58 1 0
github.com/mdshabbir-ali/code-runtime/internal/api/handlers/batch.go:144.18,145.93 1 0
github.com/mdshabbir-ali/code-runtime/internal/api/handlers/batch.go:146.47,148.76 1 0
github.com/mdshabbir-ali/code-runtime/internal/api/handlers/batch.go:149.10,151.82 2 0
github.com/mdshabbir-ali/code-runtime/internal/api/handlers/batch.go:158.83,159.14 1 0
github.com/mdshabbir-ali/code-runtime/internal/api/handlers/batch.go:159.14,161.3 1 0
github.com/mdshabbir-ali/code-runtime/internal/api/handlers/batch.go:162.2,163.16 2 0
github.com/mdshabbir-ali/code-runtime/internal/api/handlers/batch.go:163.16,164.43 1 0
github.com/mdshabbir-ali/code-runtime/internal/api/handlers/batch.go:164.43,166.4 1 0
github.com/mdshabbir-ali/code-runtime/internal/api/handlers/batch.go:166.9,169.4 2 0
github.com/mdshabbir-ali/code-runtime/internal/api/handlers/batch.go:170.3,170.18 1 0
github.com/mdshabbir-ali/code-runtime/internal/api/handlers/batch.go:172.2,173.18 2 0
github.com/mdshabbir-ali/code-runtime/internal/api/handlers/batch.go:180.117,183.22 3 0
github.com/mdshabbir-ali/code-runtime/internal/api/handlers/batch.go:183.22,185.17 2 0
github.com/mdshabbir-ali/code-runtime/internal/api/handlers/batch.go:185.17,187.4 1 0
github.com/mdshabbir-ali/code-runtime/internal/api/handlers/batch.go:188.3,191.37 4 0
github.com/mdshabbir-ali/code-runtime/internal/api/handlers/batch.go:193.2,193.26 1 0
github.com/mdshabbir-ali/code-runtime/internal/api/handlers/batch.go:198.49,200.42 2 0
github.com/mdshabbir-ali/code-runtime/internal/api/handlers/batch.go:200.42,203.3 2 0
github.com/mdshabbir-ali/code-runtime/internal/api/handlers/batch.go:205.2,207.16 3 0
github.com/mdshabbir-ali/code-runtime/internal/api/handlers/batch.go:207.16,208.43 1 0
github.com/mdshabbir-ali/code-runtime/internal/api/handlers/batch.go:208.43,211.4 2 0
github.com/mdshabbir-ali/code-runtime/internal/api/handlers/batch.go:212.3,214.9 3 0
github.com/mdshabbir-ali/code-runtime/internal/api/handlers/batch.go:217.2,218.16 2 0
github.com/mdshabbir-ali/code-runtime/internal/api/handlers/batch.go:218.16,222.3 3 0
github.com/mdshabbir-ali/code-runtime/internal/api/handlers/batch.go:224.2,224.60 1 0
github.com/mdshabbir-ali/code-runtime/internal/api/handlers/batch.go:229.57,231.42 2 0
github.com/mdshabbir-ali/code-runtime/internal/api/handlers/batch.go:231.42,234.3 2 0
github.com/mdshabbir-ali/code-runtime/internal/api/handlers/batch.go:236.2,237.9 2 0
github.com/mdshabbir-ali/code-runtime/internal/api/handlers/batch.go:238.18,239.91 1 0
github.com/mdshabbir-ali/code-runtime/internal/api/handlers/batch.go:240.44,241.79 1 0
github.com/mdshabbir-ali/code-runtime/internal/api/handlers/batch.go:242.44,243.65 1 0
github.com/mdshabbir-ali/code-runtime/internal/api/handlers/batch.go:244.10,250.5 2 0
github.com/mdshabbir-ali/code-runtime/internal/api/handlers/batch.go:255.42,257.9 2 0
github.com/mdshabbir-ali/code-runtime/internal/api/handlers/batch.go:257.9,259.3 1 0
github.com/mdshabbir-ali/code-runtime/internal/api/handlers/batch.go:260.2,260.29 1 0
github.com/mdshabbir-ali/code-runtime/internal/api/handlers/batch.go:260.29,262.3 1 0
github.com/mdshabbir-ali/code-runtime/internal/api/handlers/batch.go:263.2,263.12 1 0
github.com/mdshabbir-ali/code-runtime/internal/api/handlers/language.go:27.20,29.2 1 0
github.com/mdshabbir-ali/code-runtime/internal/api/handlers/language.go:33.56,36.16 2 0
github.com/mdshabbir-ali/code-runtime/internal/api/handlers/language.go:36.16,38.3 1 0
github.com/mdshabbir-ali/code-runtime/internal/api/handlers/language.go:39.2,39.18 1 0
github.com/mdshabbir-ali/code-runtime/internal/api/handlers/language.go:39.18,42.3 2 0
github.com/mdshabbir-ali/code-runtime/internal/api/handlers/language.go:45.2,46.16 2 0
github.com/mdshabbir-ali/code-runtime/internal/api/handlers/language.go:46.16,50.3 3 0
github.com/mdshabbir-ali/code-runtime/internal/api/handlers/language.go:53.2,53.12 1 0
github.com/mdshabbir-ali/code-runtime/internal/api/handlers/language.go:53.12,54.82 1 0
github.com/mdshabbir-ali/code-runtime/internal/api/handlers/language.go:54.82,56.4 1 0
github.com/mdshabbir-ali/code-runtime/internal/api/handlers/language.go:59.2,59.51 1 0
github.com/mdshabbir-ali/code-runtime/internal/api/handlers/language.go:63.55,66.26 3 0
github.com/mdshabbir-ali/code-runtime/internal/api/handlers/language.go:66.26,69.3 2 0
github.com/mdshabbir-ali/code-runtime/internal/api/handlers/language.go:72.2,73.16 2 0
github.com/mdshabbir-ali/code-runtime/internal/api/handlers/language.go:73.16,75.3 1 0
github.com/mdshabbir-ali/code-runtime/internal/api/handlers/language.go:76.2,76.17 1 0
github.com/mdshabbir-ali/code-runtime/internal/api/handlers/language.go:76.17,79.3 2 0
github.com/mdshabbir-ali/code-runtime/internal/api/handlers/language.go:82.2,83.16 2 0
github.com/mdshabbir-ali/code-runtime/internal/api/handlers/language.go:83.16,86.3 2 0
github.com/mdshabbir-ali/code-runtime/internal/api/handlers/language.go:88.2,88.12 1 0
github.com/mdshabbir-ali/code-runtime/internal/api/handlers/language.go:88.12,89.78 1 0
github.com/mdshabbir-ali/code-runtime/internal/api/handlers/language.go:89.78,91.4 1 0
github.com/mdshabbir-ali/code-runtime/internal/api/handlers/language.go:94.2,94.49 1 0
github.com/mdshabbir-ali/code-runtime/internal/api/handlers/language.go:98.69,111.2 1 0
github.com/mdshabbir-ali/code-runtime/internal/api/handlers/language.go:114.78,116.23 2 0
github.com/mdshabbir-ali/code-runtime/internal/api/handlers/language.go:116.23,118.3 1 0
github.com/mdshabbir-ali/code-runtime/internal/api/handlers/language.go:119.2,119.12 1 0
github.com/mdshabbir-ali/code-runtime/internal/api/handlers/status.go:24.93,26.2 1 0
github.com/mdshabbir-ali/code-runtime/internal/api/handlers/status.go:29.53,31.50 2 0
github.com/mdshabbir-ali/code-runtime/internal/api/handlers/status.go:31.50,36.3 1 0
github.com/mdshabbir-ali/code-runtime/internal/api/handlers/status.go:38.2,38.39 1 0
github.com/mdshabbir-ali/code-runtime/internal/api/handlers/status.go:38.39,39.42 1 0
github.com/mdshabbir-ali/code-runtime/internal/api/handlers/status.go:39.42,40.39 1 0
github.com/mdshabbir-ali/code-runtime/internal/api/handlers/status.go:40.39,42.5 1 0
github.com/mdshabbir-ali/code-runtime/internal/api/handlers/status.go:45.2,45.33 1 0
github.com/mdshabbir-ali/code-runtime/internal/api/handlers/status.go:49.53,56.39 5 0
github.com/mdshabbir-ali/code-runtime/internal/api/handlers/status.go:56.39,60.3 3 0
github.com/mdshabbir-ali/code-runtime/internal/api/handlers/status.go:60.8,62.3 1 0
github.com/mdshabbir-ali/code-runtime/internal/api/handlers/status.go:64.2,64.42 1 0
github.com/mdshabbir-ali/code-runtime/internal/api/handlers/status.go:64.42,68.3 3 0
github.com/mdshabbir-ali/code-runtime/internal/api/handlers/status.go:68.8,70.3 1 0
github.com/mdshabbir-ali/code-runtime/internal/api/handlers/status.go:72.2,73.21 2 0
github.com/mdshabbir-ali/code-runtime/internal/api/handlers/status.go:73.21,75.3 1 0
github.com/mdshabbir-ali/code-runtime/internal/api/handlers/status.go:77.2,80.4 1 0
github.com/mdshabbir-ali/code-runtime/internal/api/handlers/status.go:85.56,89.39 3 0
github.com/mdshabbir-ali/code-runtime/internal/api/handlers/status.go:89.39,96.3 3 0
github.com/mdshabbir-ali/code-runtime/internal/api/handlers/status.go:98.2,98.42 1 0
github.com/mdshabbir-ali/code-runtime/internal/api/handlers/status.go:98.42,105.3 3 0
github.com/mdshabbir-ali/code-runtime/internal/api/handlers/status.go:107.2,107.45 1 0
github.com/mdshabbir-ali/code-runtime/internal/api/handlers/submission.go:52.22,62.2 1 0
github.com/mdshabbir-ali/code-runtime/internal/api/handlers/submission.go:65.62,67.47 2 0
github.com/mdshabbir-ali/code-runtime/internal/api/handlers/submission.go:67.47,70.3 2 0
github.com/mdshabbir-ali/code-runtime/internal/api/handlers/submission.go:73.2,73.47 1 0
github.com/mdshabbir-ali/code-runtime/internal/api/handlers/submission.go:73.47,74.55 1 0
github.com/mdshabbir-ali/code-runtime/internal/api/handlers/submission.go:74.55,76.4 1 0
github.com/mdshabbir-ali/code-runtime/internal/api/handlers/submission.go:79.2,80.16 2 0
github.com/mdshabbir-ali/code-runtime/internal/api/handlers/submission.go:80.16,83.3 2 0
github.com/mdshabbir-ali/code-runtime/internal/api/handlers/submission.go:85.2,85.74 1 0
github.com/mdshabbir-ali/code-runtime/internal/api/handlers/submission.go:85.74,89.3 3 0
github.com/mdshabbir-ali/code-runtime/internal/api/handlers/submission.go:91.2,94.14 3 0
github.com/mdshabbir-ali/code-runtime/internal/api/handlers/submission.go:94.14,98.3 3 0
github.com/mdshabbir-ali/code-runtime/internal/api/handlers/submission.go:100.2,100.55 1 0
github.com/mdshabbir-ali/code-runtime/internal/api/handlers/submission.go:107.3,109.16 2 0
github.com/mdshabbir-ali/code-runtime/internal/api/handlers/submission.go:109.16,111.3 1 0
github.com/mdshabbir-ali/code-runtime/internal/api/handlers/submission.go:112.2,113.16 2 0
github.com/mdshabbir-ali/code-runtime/internal/api/handlers/submission.go:113.16,115.3 1 0
github.com/mdshabbir-ali/code-runtime/internal/api/handlers/submission.go:116.2,117.16 2 0
github.com/mdshabbir-ali/code-runtime/internal/api/handlers/submission.go:117.16,119.3 1 0
github.com/mdshabbir-ali/code-runtime/internal/api/handlers/submission.go:121.2,130.17 3 0
github.com/mdshabbir-ali/code-runtime/internal/api/handlers/submission.go:130.17,132.3 1 0
github.com/mdshabbir-ali/code-runtime/internal/api/handlers/submission.go:133.2,135.36 2 0
github.com/mdshabbir-ali/code-runtime/internal/api/handlers/submission.go:139.89,140.112 1 0
github.com/mdshabbir-ali/code-runtime/internal/api/handlers/submission.go:140.112,142.3 1 0
github.com/mdshabbir-ali/code-runtime/internal/api/handlers/submission.go:156.9,161.87 4 0
github.com/mdshabbir-ali/code-runtime/internal/api/handlers/submission.go:161.87,163.3 1 0
github.com/mdshabbir-ali/code-runtime/internal/api/handlers/submission.go:165.2,165.47 1 0
github.com/mdshabbir-ali/code-runtime/internal/api/handlers/submission.go:165.47,169.3 2 0
github.com/mdshabbir-ali/code-runtime/internal/api/handlers/submission.go:170.2,170.12 1 0
github.com/mdshabbir-ali/code-runtime/internal/api/handlers/submission.go:174.67,176.22 2 0
github.com/mdshabbir-ali/code-runtime/internal/api/handlers/submission.go:176.22,178.3 1 0
github.com/mdshabbir-ali/code-runtime/internal/api/handlers/submission.go:179.2,180.24 2 0
github.com/mdshabbir-ali/code-runtime/internal/api/handlers/submission.go:180.24,182.3 1 0
github.com/mdshabbir-ali/code-runtime/internal/api/handlers/submission.go:183.2,201.3 1 0
github.com/mdshabbir-ali/code-runtime/internal/api/handlers/submission.go:211.30,217.16 4 0
github.com/mdshabbir-ali/code-runtime/internal/api/handlers/submission.go:217.16,219.3 1 0
github.com/mdshabbir-ali/code-runtime/internal/api/handlers/submission.go:221.2,221.22 1 0
github.com/mdshabbir-ali/code-runtime/internal/api/handlers/submission.go:221.22,225.3 3 0
github.com/mdshabbir-ali/code-runtime/internal/api/handlers/submission.go:228.2,229.14 2 0
github.com/mdshabbir-ali/code-runtime/internal/api/handlers/submission.go:233.59,235.48 2 0
github.com/mdshabbir-ali/code-runtime/internal/api/handlers/submission.go:235.48,238.3 2 0
github.com/mdshabbir-ali/code-runtime/internal/api/handlers/submission.go:240.2,240.54 1 0
github.com/mdshabbir-ali/code-runtime/internal/api/handlers/submission.go:240.54,243.3 2 0
github.com/mdshabbir-ali/code-runtime/internal/api/handlers/submission.go:245.2,246.16 2 0
github.com/mdshabbir-ali/code-runtime/internal/api/handlers/submission.go:246.16,249.3 2 0
github.com/mdshabbir-ali/code-runtime/internal/api/handlers/submission.go:251.2,253.29 3 0
github.com/mdshabbir-ali/code-runtime/internal/api/handlers/submission.go:260.65,262.16 2 0
github.com/mdshabbir-ali/code-runtime/internal/api/handlers/submission.go:262.16,265.3 2 0
github.com/mdshabbir-ali/code-runtime/internal/api/handlers/submission.go:267.2,268.31 2 0
github.com/mdshabbir-ali/code-runtime/internal/api/handlers/submission.go:268.31,269.52 1 0
github.com/mdshabbir-ali/code-runtime/internal/api/handlers/submission.go:269.52,271.12 2 0
github.com/mdshabbir-ali/code-runtime/internal/api/handlers/submission.go:273.3,274.17 2 0
github.com/mdshabbir-ali/code-runtime/internal/api/handlers/submission.go:274.17,276.12 2 0
github.com/mdshabbir-ali/code-runtime/internal/api/handlers/submission.go:278.3,280.38 3 0
github.com/mdshabbir-ali/code-runtime/internal/api/handlers/submission.go:283.2,283.25 1 0
github.com/mdshabbir-ali/code-runtime/internal/api/handlers/submission.go:283.25,286.3 2 0
github.com/mdshabbir-ali/code-runtime/internal/api/handlers/submission.go:287.2,287.34 1 0
github.com/mdshabbir-ali/code-runtime/internal/api/handlers/submission.go:292.51,295.26 3 8
github.com/mdshabbir-ali/code-runtime/internal/api/handlers/submission.go:295.26,297.14 2 37
github.com/mdshabbir-ali/code-runtime/internal/api/handlers/submission.go:297.14,298.12 1 7
github.com/mdshabbir-ali/code-runtime/internal/api/handlers/submission.go:300.3,300.42 1 30
github.com/mdshabbir-ali/code-runtime/internal/api/handlers/submission.go:300.42,302.4 1 1
github.com/mdshabbir-ali/code-runtime/internal/api/handlers/submission.go:303.3,303.29 1 29
github.com/mdshabbir-ali/code-runtime/internal/api/handlers/submission.go:305.2,305.22 1 7
github.com/mdshabbir-ali/code-runtime/internal/api/handlers/submission.go:305.22,307.3 1 2
github.com/mdshabbir-ali/code-runtime/internal/api/handlers/submission.go:308.2,308.39 1 5
github.com/mdshabbir-ali/code-runtime/internal/api/handlers/submission.go:308.39,310.3 1 1
github.com/mdshabbir-ali/code-runtime/internal/api/handlers/submission.go:311.2,311.20 1 4
github.com/mdshabbir-ali/code-runtime/internal/api/handlers/submission.go:315.99,317.16 2 0
github.com/mdshabbir-ali/code-runtime/internal/api/handlers/submission.go:317.16,321.3 3 0
github.com/mdshabbir-ali/code-runtime/internal/api/handlers/submission.go:322.2,322.19 1 0
github.com/mdshabbir-ali/code-runtime/internal/api/handlers/submission.go:322.19,325.3 2 0
github.com/mdshabbir-ali/code-runtime/internal/api/handlers/submission.go:326.2,327.12 2 0
github.com/mdshabbir-ali/code-runtime/internal/api/handlers/submission.go:331.68,333.47 2 0
github.com/mdshabbir-ali/code-runtime/internal/api/handlers/submission.go:333.47,336.3 2 0
github.com/mdshabbir-ali/code-runtime/internal/api/handlers/submission.go:338.2,338.31 1 0
github.com/mdshabbir-ali/code-runtime/internal/api/handlers/submission.go:338.31,341.3 2 0
github.com/mdshabbir-ali/code-runtime/internal/api/handlers/submission.go:343.2,344.16 2 0
github.com/mdshabbir-ali/code-runtime/internal/api/handlers/submission.go:344.16,347.3 2 0
github.com/mdshabbir-ali/code-runtime/internal/api/handlers/submission.go:349.2,350.76 2 0
github.com/mdshabbir-ali/code-runtime/internal/api/handlers/submission.go:354.109,357.22 2 0
github.com/mdshabbir-ali/code-runtime/internal/api/handlers/submission.go:357.22,359.17 2 0
github.com/mdshabbir-ali/code-runtime/internal/api/handlers/submission.go:359.17,361.4 1 0
github.com/mdshabbir-ali/code-runtime/internal/api/handlers/submission.go:362.3,362.75 1 0
github.com/mdshabbir-ali/code-runtime/internal/api/handlers/submission.go:362.75,365.4 2 0
github.com/mdshabbir-ali/code-runtime/internal/api/handlers/submission.go:366.3,367.37 2 0
github.com/mdshabbir-ali/code-runtime/internal/api/handlers/submission.go:370.2,370.20 1 0
github.com/mdshabbir-ali/code-runtime/internal/api/handlers/submission.go:374.61,378.16 3 0
github.com/mdshabbir-ali/code-runtime/internal/api/handlers/submission.go:378.16,382.3 3 0
github.com/mdshabbir-ali/code-runtime/internal/api/handlers/submission.go:384.2,385.25 2 0
github.com/mdshabbir-ali/code-runtime/internal/api/handlers/submission.go:385.25,387.3 1 0
github.com/mdshabbir-ali/code-runtime/internal/api/handlers/submission.go:389.2,394.4 1 0
github.com/mdshabbir-ali/code-runtime/internal/api/handlers/submission.go:398.62,400.48 2 0
github.com/mdshabbir-ali/code-runtime/internal/api/handlers/submission.go:400.48,403.3 2 0
github.com/mdshabbir-ali/code-runtime/internal/api/handlers/submission.go:405.2,405.79 1 0
github.com/mdshabbir-ali/code-runtime/internal/api/handlers/submission.go:405.79,408.3 2 0
github.com/mdshabbir-ali/code-runtime/internal/api/handlers/submission.go:410.2,411.32 2 0
github.com/mdshabbir-ali/code-runtime/internal/api/handlers/submission.go:417.58,420.14 3 0
github.com/mdshabbir-ali/code-runtime/internal/api/handlers/submission.go:420.14,422.3 1 0
github.com/mdshabbir-ali/code-runtime/internal/api/handlers/submission.go:423.2,423.41 1 0
github.com/mdshabbir-ali/code-runtime/internal/api/handlers/submission.go:423.41,425.3 1 0
github.com/mdshabbir-ali/code-runtime/internal/api/handlers/submission.go:426.2,426.22 1 0
github.com/mdshabbir-ali/code-runtime/internal/api/handlers/submission.go:431.47,432.13 1 0
github.com/mdshabbir-ali/code-runtime/internal/api/handlers/submission.go:432.13,434.3 1 0
github.com/mdshabbir-ali/code-runtime/internal/api/handlers/submission.go:435.2,441.4 2 0
github.com/mdshabbir-ali/code-runtime/internal/api/handlers/submission.go:441.4,442.60 1 0
github.com/mdshabbir-ali/code-runtime/internal/api/handlers/submission.go:442.60,444.4 1 0
github.com/mdshabbir-ali/code-runtime/internal/api/handlers/submission.go:446.2,446.15 1 0
github.com/mdshabbir-ali/code-runtime/internal/api/handlers/webhook.go:24.97,26.2 1 0
github.com/mdshabbir-ali/code-runtime/internal/api/handlers/webhook.go:31.58,33.47 2 0
github.com/mdshabbir-ali/code-runtime/internal/api/handlers/webhook.go:33.47,36.3 2 0
github.com/mdshabbir-ali/code-runtime/internal/api/handlers/webhook.go:38.2,39.18 2 0
github.com/mdshabbir-ali/code-runtime/internal/api/handlers/webhook.go:39.18,41.17 2 0
github.com/mdshabbir-ali/code-runtime/internal/api/handlers/webhook.go:41.17,45.4 3 0
github.com/mdshabbir-ali/code-runtime/internal/api/handlers/webhook.go:46.3,46.21 1 0
github.com/mdshabbir-ali/code-runtime/internal/api/handlers/webhook.go:49.2,58.72 2 0
github.com/mdshabbir-ali/code-runtime/internal/api/handlers/webhook.go:58.72,62.3 3 0
github.com/mdshabbir-ali/code-runtime/internal/api/handlers/webhook.go:65.2,65.66 1 0
github.com/mdshabbir-ali/code-runtime/internal/api/handlers/webhook.go:69.55,71.16 2 0
github.com/mdshabbir-ali/code-runtime/internal/api/handlers/webhook.go:71.16,75.3 3 0
github.com/mdshabbir-ali/code-runtime/internal/api/handlers/webhook.go:77.2,78.29 2 0
github.com/mdshabbir-ali/code-runtime/internal/api/handlers/webhook.go:78.29,80.3 1 0
github.com/mdshabbir-ali/code-runtime/internal/api/handlers/webhook.go:81.2,81.53 1 0
github.com/mdshabbir-ali/code-runtime/internal/api/handlers/webhook.go:85.53,87.42 2 0
github.com/mdshabbir-ali/code-runtime/internal/api/handlers/webhook.go:87.42,90.3 2 0
github.com/mdshabbir-ali/code-runtime/internal/api/handlers/webhook.go:92.2,93.16 2 0
github.com/mdshabbir-ali/code-runtime/internal/api/handlers/webhook.go:93.16,94.43 1 0
github.com/mdshabbir-ali/code-runtime/internal/api/handlers/webhook.go:94.43,97.4 2 0
github.com/mdshabbir-ali/code-runtime/internal/api/handlers/webhook.go:98.3,100.9 3 0
github.com/mdshabbir-ali/code-runtime/internal/api/handlers/webhook.go:103.2,103.62 1 0
github.com/mdshabbir-ali/code-runtime/internal/api/handlers/webhook.go:108.43,110.40 2 0
github.com/mdshabbir-ali/code-runtime/internal/api/handlers/webhook.go:110.40,112.3 1 0
github.com/mdshabbir-ali/code-runtime/internal/api/handlers/webhook.go:113.2,113.35 1 0
github.com/mdshabbir-ali/code-runtime/internal/batchproc/starter.go:47.12,49.2 1 0
github.com/mdshabbir-ali/code-runtime/internal/batchproc/starter.go:55.68,57.16 2 0
github.com/mdshabbir-ali/code-runtime/internal/batchproc/starter.go:57.16,59.3 1 0
github.com/mdshabbir-ali/code-runtime/internal/batchproc/starter.go:60.2,60.14 1 0
github.com/mdshabbir-ali/code-runtime/internal/batchproc/starter.go:60.14,64.3 2 0
github.com/mdshabbir-ali/code-runtime/internal/batchproc/starter.go:66.2,67.16 2 0
github.com/mdshabbir-ali/code-runtime/internal/batchproc/starter.go:67.16,70.3 2 0
github.com/mdshabbir-ali/code-runtime/internal/batchproc/starter.go:72.2,73.27 2 0
github.com/mdshabbir-ali/code-runtime/internal/batchproc/starter.go:73.27,78.3 3 0
github.com/mdshabbir-ali/code-runtime/internal/batchproc/starter.go:80.2,80.60 1 0
github.com/mdshabbir-ali/code-runtime/internal/batchproc/starter.go:80.60,85.3 2 0
github.com/mdshabbir-ali/code-runtime/internal/batchproc/starter.go:87.2,89.12 2 0
github.com/mdshabbir-ali/code-runtime/internal/batchproc/starter.go:94.94,97.86 3 0
github.com/mdshabbir-ali/code-runtime/internal/batchproc/starter.go:97.86,99.3 1 0
github.com/mdshabbir-ali/code-runtime/internal/batchproc/starter.go:100.2,100.12 1 0
github.com/mdshabbir-ali/code-runtime/cmd/migrate/main.go:26.13,30.35 3 0
github.com/mdshabbir-ali/code-runtime/cmd/migrate/main.go:30.35,33.3 2 0
github.com/mdshabbir-ali/code-runtime/cmd/migrate/main.go:36.29,37.14 1 0
github.com/mdshabbir-ali/code-runtime/cmd/migrate/main.go:38.32,38.32 0 0
github.com/mdshabbir-ali/code-runtime/cmd/migrate/main.go:40.10,41.75 1 0
github.com/mdshabbir-ali/code-runtime/cmd/migrate/main.go:44.2,45.16 2 0
github.com/mdshabbir-ali/code-runtime/cmd/migrate/main.go:45.16,47.3 1 0
github.com/mdshabbir-ali/code-runtime/cmd/migrate/main.go:48.2,48.15 1 0
github.com/mdshabbir-ali/code-runtime/cmd/migrate/main.go:48.15,48.33 1 0
github.com/mdshabbir-ali/code-runtime/cmd/migrate/main.go:50.2,51.16 2 0
github.com/mdshabbir-ali/code-runtime/cmd/migrate/main.go:51.16,53.3 1 0
github.com/mdshabbir-ali/code-runtime/cmd/migrate/main.go:55.2,56.16 2 0
github.com/mdshabbir-ali/code-runtime/cmd/migrate/main.go:56.16,58.3 1 0
github.com/mdshabbir-ali/code-runtime/cmd/migrate/main.go:59.2,59.15 1 0
github.com/mdshabbir-ali/code-runtime/cmd/migrate/main.go:59.15,59.33 1 0
github.com/mdshabbir-ali/code-runtime/cmd/migrate/main.go:61.2,61.14 1 0
github.com/mdshabbir-ali/code-runtime/cmd/migrate/main.go:62.13,63.53 1 0
github.com/mdshabbir-ali/code-runtime/cmd/migrate/main.go:63.53,65.4 1 0
github.com/mdshabbir-ali/code-runtime/cmd/migrate/main.go:66.3,66.65 1 0
github.com/mdshabbir-ali/code-runtime/cmd/migrate/main.go:67.17,68.52 1 0
github.com/mdshabbir-ali/code-runtime/cmd/migrate/main.go:68.52,70.4 1 0
github.com/mdshabbir-ali/code-runtime/cmd/migrate/main.go:71.3,71.39 1 0
github.com/mdshabbir-ali/code-runtime/cmd/migrate/main.go:72.14,73.51 1 0
github.com/mdshabbir-ali/code-runtime/cmd/migrate/main.go:73.51,75.4 1 0
github.com/mdshabbir-ali/code-runtime/cmd/migrate/main.go:76.3,76.52 1 0
github.com/mdshabbir-ali/code-runtime/cmd/migrate/main.go:76.52,78.4 1 0
github.com/mdshabbir-ali/code-runtime/cmd/migrate/main.go:79.3,79.45 1 0
github.com/mdshabbir-ali/code-runtime/cmd/migrate/main.go:80.10,81.75 1 0
github.com/mdshabbir-ali/code-runtime/cmd/migrate/main.go:84.2,84.12 1 0
github.com/mdshabbir-ali/code-runtime/internal/api/routes/routes.go:39.3,53.46 6 0
github.com/mdshabbir-ali/code-runtime/internal/api/routes/routes.go:53.46,55.3 1 0
github.com/mdshabbir-ali/code-runtime/internal/api/routes/routes.go:58.2,70.2 5 0
github.com/mdshabbir-ali/code-runtime/internal/api/routes/routes.go:70.2,73.3 2 0
github.com/mdshabbir-ali/code-runtime/internal/api/routes/routes.go:77.2,79.2 3 0
github.com/mdshabbir-ali/code-runtime/internal/api/routes/routes.go:79.2,103.3 15 0
github.com/mdshabbir-ali/code-runtime/internal/config/config.go:50.40,52.2 1 0
github.com/mdshabbir-ali/code-runtime/internal/config/config.go:71.38,73.15 2 0
github.com/mdshabbir-ali/code-runtime/internal/config/config.go:73.15,75.3 1 0
github.com/mdshabbir-ali/code-runtime/internal/config/config.go:76.2,79.3 1 0
github.com/mdshabbir-ali/code-runtime/internal/config/config.go:100.36,102.2 1 0
github.com/mdshabbir-ali/code-runtime/internal/config/config.go:246.35,247.27 1 0
github.com/mdshabbir-ali/code-runtime/internal/config/config.go:247.27,249.3 1 0
github.com/mdshabbir-ali/code-runtime/internal/config/config.go:250.2,250.27 1 0
github.com/mdshabbir-ali/code-runtime/internal/config/config.go:250.27,252.3 1 0
github.com/mdshabbir-ali/code-runtime/internal/config/config.go:253.2,253.24 1 0
github.com/mdshabbir-ali/code-runtime/internal/config/config.go:253.24,255.3 1 0
github.com/mdshabbir-ali/code-runtime/internal/config/config.go:256.2,256.49 1 0
github.com/mdshabbir-ali/code-runtime/internal/config/config.go:256.49,258.3 1 0
github.com/mdshabbir-ali/code-runtime/internal/config/config.go:259.2,259.25 1 0
github.com/mdshabbir-ali/code-runtime/internal/config/config.go:259.25,261.3 1 0
github.com/mdshabbir-ali/code-runtime/internal/config/config.go:262.2,262.12 1 0
github.com/mdshabbir-ali/code-runtime/internal/config/config.go:267.53,274.22 3 0
github.com/mdshabbir-ali/code-runtime/internal/config/config.go:274.22,276.42 2 0
github.com/mdshabbir-ali/code-runtime/internal/config/config.go:276.42,279.4 1 0
github.com/mdshabbir-ali/code-runtime/internal/config/config.go:280.8,287.3 6 0
github.com/mdshabbir-ali/code-runtime/internal/config/config.go:290.2,295.42 5 0
github.com/mdshabbir-ali/code-runtime/internal/config/config.go:295.42,297.3 1 0
github.com/mdshabbir-ali/code-runtime/internal/config/config.go:299.2,299.39 1 0
github.com/mdshabbir-ali/code-runtime/internal/config/config.go:299.39,301.3 1 0
github.com/mdshabbir-ali/code-runtime/internal/config/config.go:303.2,303.18 1 0
github.com/mdshabbir-ali/code-runtime/internal/config/config.go:307.34,445.2 108 0
github.com/mdshabbir-ali/code-runtime/internal/config/config.go:450.30,452.2 1 0
github.com/mdshabbir-ali/code-runtime/internal/api/middleware/auth.go:53.98,54.30 1 0
github.com/mdshabbir-ali/code-runtime/internal/api/middleware/auth.go:54.30,58.40 2 0
github.com/mdshabbir-ali/code-runtime/internal/api/middleware/auth.go:58.40,59.39 1 0
github.com/mdshabbir-ali/code-runtime/internal/api/middleware/auth.go:59.39,62.5 2 0
github.com/mdshabbir-ali/code-runtime/internal/api/middleware/auth.go:66.3,66.67 1 0
github.com/mdshabbir-ali/code-runtime/internal/api/middleware/auth.go:66.67,67.48 1 0
github.com/mdshabbir-ali/code-runtime/internal/api/middleware/auth.go:67.48,70.19 3 0
github.com/mdshabbir-ali/code-runtime/internal/api/middleware/auth.go:70.19,76.6 3 0
github.com/mdshabbir-ali/code-runtime/internal/api/middleware/auth.go:77.5,79.11 3 0
github.com/mdshabbir-ali/code-runtime/internal/api/middleware/auth.go:84.3,84.58 1 0
github.com/mdshabbir-ali/code-runtime/internal/api/middleware/auth.go:84.58,90.18 5 0
github.com/mdshabbir-ali/code-runtime/internal/api/middleware/auth.go:90.18,96.5 3 0
github.com/mdshabbir-ali/code-runtime/internal/api/middleware/auth.go:99.4,99.64 1 0
github.com/mdshabbir-ali/code-runtime/internal/api/middleware/auth.go:99.64,104.5 2 0
github.com/mdshabbir-ali/code-runtime/internal/api/middleware/auth.go:107.4,107.14 1 0
github.com/mdshabbir-ali/code-runtime/internal/api/middleware/auth.go:107.14,111.5 3 0
github.com/mdshabbir-ali/code-runtime/internal/api/middleware/auth.go:114.4,114.23 1 0
github.com/mdshabbir-ali/code-runtime/internal/api/middleware/auth.go:114.23,118.5 3 0
github.com/mdshabbir-ali/code-runtime/internal/api/middleware/auth.go:119.4,121.10 3 0
github.com/mdshabbir-ali/code-runtime/internal/api/middleware/auth.go:125.3,127.5 1 0
github.com/mdshabbir-ali/code-runtime/internal/api/middleware/auth.go:132.60,133.97 1 0
github.com/mdshabbir-ali/code-runtime/internal/api/middleware/auth.go:133.97,134.54 1 0
github.com/mdshabbir-ali/code-runtime/internal/api/middleware/auth.go:134.54,136.4 1 0
github.com/mdshabbir-ali/code-runtime/internal/api/middleware/auth.go:137.3,137.29 1 0
github.com/mdshabbir-ali/code-runtime/internal/api/middleware/auth.go:139.2,139.16 1 0
github.com/mdshabbir-ali/code-runtime/internal/api/middleware/auth.go:139.16,141.3 1 0
github.com/mdshabbir-ali/code-runtime/internal/api/middleware/auth.go:142.2,142.18 1 0
github.com/mdshabbir-ali/code-runtime/internal/api/middleware/auth.go:142.18,144.3 1 0
github.com/mdshabbir-ali/code-runtime/internal/api/middleware/auth.go:145.2,146.9 2 0
github.com/mdshabbir-ali/code-runtime/internal/api/middleware/auth.go:146.9,148.3 1 0
github.com/mdshabbir-ali/code-runtime/internal/api/middleware/auth.go:149.2,149.20 1 0
github.com/mdshabbir-ali/code-runtime/internal/api/middleware/auth.go:153.54,157.2 3 0
github.com/mdshabbir-ali/code-runtime/internal/api/middleware/auth.go:160.36,163.2 2 0
github.com/mdshabbir-ali/code-runtime/internal/api/middleware/auth.go:166.36,167.30 1 0
github.com/mdshabbir-ali/code-runtime/internal/api/middleware/auth.go:167.30,169.49 2 0
github.com/mdshabbir-ali/code-runtime/internal/api/middleware/auth.go:169.49,174.4 2 0
github.com/mdshabbir-ali/code-runtime/internal/api/middleware/auth.go:175.3,175.11 1 0
github.com/mdshabbir-ali/code-runtime/internal/api/middleware/logging.go:22.53,23.30 1 0
github.com/mdshabbir-ali/code-runtime/internal/api/middleware/logging.go:23.30,26.18 2 0
github.com/mdshabbir-ali/code-runtime/internal/api/middleware/logging.go:26.18,28.4 1 0
github.com/mdshabbir-ali/code-runtime/internal/api/middleware/logging.go:29.3,39.41 7 0
github.com/mdshabbir-ali/code-runtime/internal/api/middleware/logging.go:39.41,40.37 1 0
github.com/mdshabbir-ali/code-runtime/internal/api/middleware/logging.go:40.37,42.5 1 0
github.com/mdshabbir-ali/code-runtime/internal/api/middleware/logging.go:45.3,58.21 4 0
github.com/mdshabbir-ali/code-runtime/internal/api/middleware/logging.go:58.21,60.4 1 0
github.com/mdshabbir-ali/code-runtime/internal/api/middleware/logging.go:62.3,62.24 1 0
github.com/mdshabbir-ali/code-runtime/internal/api/middleware/logging.go:62.24,64.4 1 0
github.com/mdshabbir-ali/code-runtime/internal/api/middleware/logging.go:66.3,66.10 1 0
github.com/mdshabbir-ali/code-runtime/internal/api/middleware/logging.go:67.26,68.35 1 0
github.com/mdshabbir-ali/code-runtime/internal/api/middleware/logging.go:69.26,70.34 1 0
github.com/mdshabbir-ali/code-runtime/internal/api/middleware/logging.go:71.11,72.34 1 0
github.com/mdshabbir-ali/code-runtime/internal/api/middleware/metrics.go:11.53,12.30 1 0
github.com/mdshabbir-ali/code-runtime/internal/api/middleware/metrics.go:12.30,22.3 6 0
github.com/mdshabbir-ali/code-runtime/internal/api/middleware/rate_limit.go:21.96,22.28 1 0
github.com/mdshabbir-ali/code-runtime/internal/api/middleware/rate_limit.go:22.28,23.31 1 0
github.com/mdshabbir-ali/code-runtime/internal/api/middleware/rate_limit.go:23.31,23.43 1 0
github.com/mdshabbir-ali/code-runtime/internal/api/middleware/rate_limit.go:26.2,32.16 3 0
github.com/mdshabbir-ali/code-runtime/internal/api/middleware/rate_limit.go:32.16,34.31 2 0
github.com/mdshabbir-ali/code-runtime/internal/api/middleware/rate_limit.go:34.31,34.43 1 0
github.com/mdshabbir-ali/code-runtime/internal/api/middleware/rate_limit.go:37.2,39.30 2 0
github.com/mdshabbir-ali/code-runtime/internal/api/middleware/rate_limit.go:39.30,45.17 3 0
github.com/mdshabbir-ali/code-runtime/internal/api/middleware/rate_limit.go:45.17,50.4 3 0
github.com/mdshabbir-ali/code-runtime/internal/api/middleware/rate_limit.go:53.3,58.18 5 0
github.com/mdshabbir-ali/code-runtime/internal/api/middleware/rate_limit.go:58.18,60.22 2 0
github.com/mdshabbir-ali/code-runtime/internal/api/middleware/rate_limit.go:60.22,62.5 1 0
github.com/mdshabbir-ali/code-runtime/internal/api/middleware/rate_limit.go:63.4,68.10 3 0
github.com/mdshabbir-ali/code-runtime/internal/api/middleware/rate_limit.go:71.3,71.11 1 0
github.com/mdshabbir-ali/code-runtime/internal/api/middleware/rate_limit.go:77.42,78.67 1 0
github.com/mdshabbir-ali/code-runtime/internal/api/middleware/rate_limit.go:78.67,80.3 1 0
github.com/mdshabbir-ali/code-runtime/internal/api/middleware/rate_limit.go:81.2,81.46 1 0
github.com/mdshabbir-ali/code-runtime/internal/api/middleware/security.go:14.38,15.30 1 0
github.com/mdshabbir-ali/code-runtime/internal/api/middleware/security.go:15.30,23.74 6 0
github.com/mdshabbir-ali/code-runtime/internal/api/middleware/security.go:23.74,25.4 1 0
github.com/mdshabbir-ali/code-runtime/internal/api/middleware/security.go:27.3,27.11 1 0
github.com/mdshabbir-ali/code-runtime/internal/api/middleware/security.go:32.50,33.30 1 0
github.com/mdshabbir-ali/code-runtime/internal/api/middleware/security.go:33.30,34.41 1 0
github.com/mdshabbir-ali/code-runtime/internal/api/middleware/security.go:34.41,39.4 2 0
github.com/mdshabbir-ali/code-runtime/internal/api/middleware/security.go:40.3,41.11 2 0
github.com/mdshabbir-ali/code-runtime/internal/api/middleware/security.go:47.40,53.30 2 0
github.com/mdshabbir-ali/code-runtime/internal/api/middleware/security.go:53.30,54.36 1 0
github.com/mdshabbir-ali/code-runtime/internal/api/middleware/security.go:54.36,56.50 2 0
github.com/mdshabbir-ali/code-runtime/internal/api/middleware/security.go:56.50,61.5 2 0
github.com/mdshabbir-ali/code-runtime/internal/api/middleware/security.go:63.3,63.11 1 0
github.com/mdshabbir-ali/code-runtime/internal/api/middleware/security.go:68.47,77.2 1 0
github.com/mdshabbir-ali/code-runtime/cmd/worker/main.go:34.65,42.2 1 0
github.com/mdshabbir-ali/code-runtime/cmd/worker/main.go:44.13,45.30 1 0
github.com/mdshabbir-ali/code-runtime/cmd/worker/main.go:45.30,48.3 2 0
github.com/mdshabbir-ali/code-runtime/cmd/worker/main.go:53.18,55.16 2 0
github.com/mdshabbir-ali/code-runtime/cmd/worker/main.go:55.16,57.3 1 0
github.com/mdshabbir-ali/code-runtime/cmd/worker/main.go:59.2,60.16 2 0
github.com/mdshabbir-ali/code-runtime/cmd/worker/main.go:60.16,62.3 1 0
github.com/mdshabbir-ali/code-runtime/cmd/worker/main.go:63.2,72.16 4 0
github.com/mdshabbir-ali/code-runtime/cmd/worker/main.go:72.16,74.3 1 0
github.com/mdshabbir-ali/code-runtime/cmd/worker/main.go:75.2,78.16 3 0
github.com/mdshabbir-ali/code-runtime/cmd/worker/main.go:78.16,80.3 1 0
github.com/mdshabbir-ali/code-runtime/cmd/worker/main.go:81.2,85.44 3 0
github.com/mdshabbir-ali/code-runtime/cmd/worker/main.go:85.44,87.17 2 0
github.com/mdshabbir-ali/code-runtime/cmd/worker/main.go:87.17,89.4 1 0
github.com/mdshabbir-ali/code-runtime/cmd/worker/main.go:90.3,90.28 1 0
github.com/mdshabbir-ali/code-runtime/cmd/worker/main.go:93.2,102.12 5 0
github.com/mdshabbir-ali/code-runtime/cmd/worker/main.go:102.12,104.97 2 0
github.com/mdshabbir-ali/code-runtime/cmd/worker/main.go:104.97,106.4 1 0
github.com/mdshabbir-ali/code-runtime/cmd/worker/main.go:108.2,111.16 3 0
github.com/mdshabbir-ali/code-runtime/cmd/worker/main.go:111.16,113.3 1 0
github.com/mdshabbir-ali/code-runtime/cmd/worker/main.go:114.2,117.16 3 0
github.com/mdshabbir-ali/code-runtime/cmd/worker/main.go:117.16,119.3 1 0
github.com/mdshabbir-ali/code-runtime/cmd/worker/main.go:121.2,142.44 6 0
github.com/mdshabbir-ali/code-runtime/cmd/worker/main.go:142.44,143.56 1 0
github.com/mdshabbir-ali/code-runtime/cmd/worker/main.go:143.56,145.4 1 0
github.com/mdshabbir-ali/code-runtime/cmd/worker/main.go:146.3,147.13 2 0
github.com/mdshabbir-ali/code-runtime/cmd/worker/main.go:150.2,155.40 3 0
github.com/mdshabbir-ali/code-runtime/cmd/worker/main.go:155.40,157.3 1 0
github.com/mdshabbir-ali/code-runtime/cmd/worker/main.go:159.2,160.12 2 0
github.com/mdshabbir-ali/code-runtime/cmd/worker/main.go:166.90,182.82 3 0
github.com/mdshabbir-ali/code-runtime/cmd/worker/main.go:182.82,184.17 2 0
github.com/mdshabbir-ali/code-runtime/cmd/worker/main.go:184.17,186.4 1 0
github.com/mdshabbir-ali/code-runtime/cmd/worker/main.go:187.3,189.18 3 0
github.com/mdshabbir-ali/code-runtime/cmd/worker/main.go:192.2,193.16 2 0
github.com/mdshabbir-ali/code-runtime/cmd/worker/main.go:193.16,195.3 1 0
github.com/mdshabbir-ali/code-runtime/cmd/worker/main.go:198.2,211.66 4 0
github.com/mdshabbir-ali/code-runtime/cmd/worker/main.go:211.66,213.97 1 0
github.com/mdshabbir-ali/code-runtime/cmd/worker/main.go:213.97,215.4 1 0
github.com/mdshabbir-ali/code-runtime/cmd/worker/main.go:216.3,216.13 1 0
github.com/mdshabbir-ali/code-runtime/cmd/worker/main.go:218.2,230.12 5 0
github.com/mdshabbir-ali/code-runtime/cmd/worker/main.go:230.12,230.73 2 0
github.com/mdshabbir-ali/code-runtime/cmd/worker/main.go:231.2,231.12 1 0
github.com/mdshabbir-ali/code-runtime/cmd/worker/main.go:231.12,231.61 2 0
github.com/mdshabbir-ali/code-runtime/cmd/worker/main.go:232.2,233.12 2 0
github.com/mdshabbir-ali/code-runtime/cmd/worker/main.go:238.82,240.16 2 0
github.com/mdshabbir-ali/code-runtime/cmd/worker/main.go:240.16,242.3 1 0
github.com/mdshabbir-ali/code-runtime/cmd/worker/main.go:243.2,243.44 1 0
github.com/mdshabbir-ali/code-runtime/cmd/worker/main.go:243.44,246.3 2 0
github.com/mdshabbir-ali/code-runtime/cmd/worker/main.go:247.2,247.16 1 0
github.com/mdshabbir-ali/code-runtime/cmd/worker/main.go:250.51,251.35 1 0
github.com/mdshabbir-ali/code-runtime/cmd/worker/main.go:251.35,253.3 1 0
github.com/mdshabbir-ali/code-runtime/cmd/worker/main.go:256.126,258.16 2 0
github.com/mdshabbir-ali/code-runtime/cmd/worker/main.go:258.16,260.3 1 0
github.com/mdshabbir-ali/code-runtime/cmd/worker/main.go:261.2,261.101 1 0
github.com/mdshabbir-ali/code-runtime/cmd/worker/main.go:264.54,265.34 1 0
github.com/mdshabbir-ali/code-runtime/cmd/worker/main.go:265.34,267.3 1 0
github.com/mdshabbir-ali/code-runtime/cmd/worker/main.go:270.33,273.2 2 0
github.com/mdshabbir-ali/code-runtime/cmd/worker/main.go:275.111,277.19 2 0
github.com/mdshabbir-ali/code-runtime/cmd/worker/main.go:277.19,279.3 1 0
github.com/mdshabbir-ali/code-runtime/cmd/worker/main.go:281.2,294.16 3 0
github.com/mdshabbir-ali/code-runtime/cmd/worker/main.go:294.16,296.3 1 0
github.com/mdshabbir-ali/code-runtime/cmd/worker/main.go:297.2,299.56 2 0
github.com/mdshabbir-ali/code-runtime/cmd/worker/main.go:307.29,314.46 5 0
github.com/mdshabbir-ali/code-runtime/cmd/worker/main.go:314.46,317.3 1 0
github.com/mdshabbir-ali/code-runtime/cmd/worker/main.go:318.2,318.17 1 0
github.com/mdshabbir-ali/code-runtime/cmd/worker/main.go:321.89,323.22 2 0
github.com/mdshabbir-ali/code-runtime/cmd/worker/main.go:323.22,325.3 1 0
github.com/mdshabbir-ali/code-runtime/cmd/worker/main.go:327.2,331.68 4 0
github.com/mdshabbir-ali/code-runtime/cmd/worker/main.go:331.68,333.3 1 0
github.com/mdshabbir-ali/code-runtime/cmd/worker/main.go:338.52,339.21 1 0
github.com/mdshabbir-ali/code-runtime/cmd/worker/main.go:339.21,341.3 1 0
github.com/mdshabbir-ali/code-runtime/cmd/worker/main.go:342.2,342.28 1 0
github.com/mdshabbir-ali/code-runtime/cmd/worker/main.go:345.78,352.59 1 0
github.com/mdshabbir-ali/code-runtime/cmd/worker/main.go:352.59,353.18 1 0
github.com/mdshabbir-ali/code-runtime/cmd/worker/main.go:353.18,355.5 1 0
github.com/mdshabbir-ali/code-runtime/cmd/worker/main.go:357.45,359.4 1 0
github.com/mdshabbir-ali/code-runtime/cmd/worker/main.go:360.41,362.4 1 0
github.com/mdshabbir-ali/code-runtime/cmd/worker/main.go:365.2,366.16 2 0
github.com/mdshabbir-ali/code-runtime/cmd/worker/main.go:366.16,368.3 1 0
github.com/mdshabbir-ali/code-runtime/cmd/worker/main.go:369.2,370.18 2 0
github.com/mdshabbir-ali/code-runtime/cmd/worker/main.go:373.38,381.2 1 0
github.com/mdshabbir-ali/code-runtime/internal/api/server.go:38.11,40.25 1 0
github.com/mdshabbir-ali/code-runtime/internal/api/server.go:41.15,42.29 1 0
github.com/mdshabbir-ali/code-runtime/internal/api/server.go:43.14,44.28 1 0
github.com/mdshabbir-ali/code-runtime/internal/api/server.go:45.10,46.31 1 0
github.com/mdshabbir-ali/code-runtime/internal/api/server.go:49.2,62.40 8 0
github.com/mdshabbir-ali/code-runtime/internal/api/server.go:62.40,64.3 1 0
github.com/mdshabbir-ali/code-runtime/internal/api/server.go:67.2,82.3 3 0
github.com/mdshabbir-ali/code-runtime/internal/api/server.go:88.32,91.95 2 0
github.com/mdshabbir-ali/code-runtime/internal/api/server.go:91.95,93.3 1 0
github.com/mdshabbir-ali/code-runtime/internal/api/server.go:94.2,94.12 1 0
github.com/mdshabbir-ali/code-runtime/internal/api/server.go:98.50,100.51 2 0
github.com/mdshabbir-ali/code-runtime/internal/api/server.go:100.51,102.3 1 0
github.com/mdshabbir-ali/code-runtime/internal/api/server.go:103.2,104.12 2 0
github.com/mdshabbir-ali/code-runtime/internal/cache/cache.go:22.70,33.2 3 0
github.com/mdshabbir-ali/code-runtime/internal/cache/cache.go:42.33,44.2 1 0
github.com/mdshabbir-ali/code-runtime/internal/cache/cache.go:52.48,54.2 1 0
github.com/mdshabbir-ali/code-runtime/internal/cache/cache.go:57.86,58.76 1 0
github.com/mdshabbir-ali/code-runtime/internal/cache/cache.go:58.76,60.3 1 0
github.com/mdshabbir-ali/code-runtime/internal/cache/cache.go:61.2,61.12 1 0
github.com/mdshabbir-ali/code-runtime/internal/cache/cache.go:65.82,67.64 2 0
github.com/mdshabbir-ali/code-runtime/internal/cache/cache.go:67.64,68.23 1 0
github.com/mdshabbir-ali/code-runtime/internal/cache/cache.go:68.23,70.4 1 0
github.com/mdshabbir-ali/code-runtime/internal/cache/cache.go:71.3,71.58 1 0
github.com/mdshabbir-ali/code-runtime/internal/cache/cache.go:73.2,73.19 1 0
github.com/mdshabbir-ali/code-runtime/internal/cache/cache.go:77.80,78.83 1 0
github.com/mdshabbir-ali/code-runtime/internal/cache/cache.go:78.83,80.3 1 0
github.com/mdshabbir-ali/code-runtime/internal/cache/cache.go:81.2,81.12 1 0
github.com/mdshabbir-ali/code-runtime/internal/cache/cache.go:85.89,87.66 2 0
github.com/mdshabbir-ali/code-runtime/internal/cache/cache.go:87.66,88.23 1 0
github.com/mdshabbir-ali/code-runtime/internal/cache/cache.go:88.23,90.4 1 0
github.com/mdshabbir-ali/code-runtime/internal/cache/cache.go:91.3,91.66 1 0
github.com/mdshabbir-ali/code-runtime/internal/cache/cache.go:93.2,93.19 1 0
github.com/mdshabbir-ali/code-runtime/internal/cache/cache.go:97.72,101.2 3 0
github.com/mdshabbir-ali/code-runtime/internal/cache/rate_limiter.go:27.44,29.2 1 0
github.com/mdshabbir-ali/code-runtime/internal/cache/rate_limiter.go:44.115,70.72 11 0
github.com/mdshabbir-ali/code-runtime/internal/cache/rate_limiter.go:70.72,72.3 1 0
github.com/mdshabbir-ali/code-runtime/internal/cache/rate_limiter.go:74.2,76.19 3 0
github.com/mdshabbir-ali/code-runtime/internal/cache/rate_limiter.go:76.19,78.3 1 0
github.com/mdshabbir-ali/code-runtime/internal/cache/rate_limiter.go:80.2,81.32 2 0
github.com/mdshabbir-ali/code-runtime/internal/cache/rate_limiter.go:86.121,95.16 4 0
github.com/mdshabbir-ali/code-runtime/internal/cache/rate_limiter.go:95.16,96.32 1 0
github.com/mdshabbir-ali/code-runtime/internal/cache/rate_limiter.go:96.32,98.4 1 0
github.com/mdshabbir-ali/code-runtime/internal/cache/rate_limiter.go:99.3,99.73 1 0
github.com/mdshabbir-ali/code-runtime/internal/cache/rate_limiter.go:102.2,103.19 2 0
github.com/mdshabbir-ali/code-runtime/internal/cache/rate_limiter.go:103.19,105.3 1 0
github.com/mdshabbir-ali/code-runtime/internal/cache/rate_limiter.go:106.2,106.23 1 0
github.com/mdshabbir-ali/code-runtime/internal/cache/rate_limiter.go:111.69,112.81 1 0
github.com/mdshabbir-ali/code-runtime/internal/cache/rate_limiter.go:112.81,114.3 1 0
github.com/mdshabbir-ali/code-runtime/internal/cache/rate_limiter.go:115.2,115.12 1 0
github.com/mdshabbir-ali/code-runtime/internal/cache/rate_limiter.go:121.122,133.16 4 0
github.com/mdshabbir-ali/code-runtime/internal/cache/rate_limiter.go:133.16,134.32 1 0
github.com/mdshabbir-ali/code-runtime/internal/cache/rate_limiter.go:134.32,136.4 1 0
github.com/mdshabbir-ali/code-runtime/internal/cache/rate_limiter.go:137.3,137.78 1 0
github.com/mdshabbir-ali/code-runtime/internal/cache/rate_limiter.go:140.2,140.27 1 0
github.com/mdshabbir-ali/code-runtime/internal/cache/rate_limiter.go:140.27,143.3 1 0
github.com/mdshabbir-ali/code-runtime/internal/cache/rate_limiter.go:147.2,149.23 3 0
github.com/mdshabbir-ali/code-runtime/internal/cache/redis.go:33.36,34.20 1 0
github.com/mdshabbir-ali/code-runtime/internal/cache/redis.go:34.20,36.3 1 0
github.com/mdshabbir-ali/code-runtime/internal/cache/redis.go:37.2,37.19 1 0
github.com/mdshabbir-ali/code-runtime/internal/cache/redis.go:37.19,39.3 1 0
github.com/mdshabbir-ali/code-runtime/internal/cache/redis.go:40.2,40.23 1 0
github.com/mdshabbir-ali/code-runtime/internal/cache/redis.go:40.23,42.3 1 0
github.com/mdshabbir-ali/code-runtime/internal/cache/redis.go:46.38,48.2 1 0
github.com/mdshabbir-ali/code-runtime/internal/cache/redis.go:51.48,52.21 1 0
github.com/mdshabbir-ali/code-runtime/internal/cache/redis.go:52.21,54.3 1 0
github.com/mdshabbir-ali/code-runtime/internal/cache/redis.go:55.2,55.50 1 0
github.com/mdshabbir-ali/code-runtime/internal/cache/redis.go:70.65,73.16 2 0
github.com/mdshabbir-ali/code-runtime/internal/cache/redis.go:73.16,75.3 1 0
github.com/mdshabbir-ali/code-runtime/internal/cache/redis.go:77.2,79.9 2 0
github.com/mdshabbir-ali/code-runtime/internal/cache/redis.go:80.34,87.5 2 0
github.com/mdshabbir-ali/code-runtime/internal/cache/redis.go:89.58,100.5 2 0
github.com/mdshabbir-ali/code-runtime/internal/cache/redis.go:102.10,110.5 2 0
github.com/mdshabbir-ali/code-runtime/internal/cache/redis.go:113.2,115.52 3 0
github.com/mdshabbir-ali/code-runtime/internal/cache/redis.go:115.52,116.18 1 0
github.com/mdshabbir-ali/code-runtime/internal/cache/redis.go:116.18,124.4 3 0
github.com/mdshabbir-ali/code-runtime/internal/cache/redis.go:126.3,130.21 4 0
github.com/mdshabbir-ali/code-runtime/internal/cache/redis.go:130.21,131.9 1 0
github.com/mdshabbir-ali/code-runtime/internal/cache/redis.go:135.2,135.20 1 0
github.com/mdshabbir-ali/code-runtime/internal/cache/redis.go:135.20,138.3 2 0
github.com/mdshabbir-ali/code-runtime/internal/cache/redis.go:140.2,141.46 2 0
github.com/mdshabbir-ali/code-runtime/internal/cache/redis.go:145.56,146.49 1 0
github.com/mdshabbir-ali/code-runtime/internal/cache/redis.go:146.49,148.3 1 0
github.com/mdshabbir-ali/code-runtime/internal/cache/redis.go:149.2,149.12 1 0
github.com/mdshabbir-ali/code-runtime/internal/cache/redis.go:154.98,156.16 2 0
github.com/mdshabbir-ali/code-runtime/internal/cache/redis.go:156.16,158.3 1 0
github.com/mdshabbir-ali/code-runtime/internal/cache/redis.go:159.2,159.63 1 0
github.com/mdshabbir-ali/code-runtime/internal/cache/redis.go:159.63,161.3 1 0
github.com/mdshabbir-ali/code-runtime/internal/cache/redis.go:162.2,162.12 1 0
github.com/mdshabbir-ali/code-runtime/internal/cache/redis.go:167.78,169.16 2 0
github.com/mdshabbir-ali/code-runtime/internal/cache/redis.go:169.16,170.32 1 0
github.com/mdshabbir-ali/code-runtime/internal/cache/redis.go:170.32,172.4 1 0
github.com/mdshabbir-ali/code-runtime/internal/cache/redis.go:173.3,173.50 1 0
github.com/mdshabbir-ali/code-runtime/internal/cache/redis.go:175.2,175.50 1 0
github.com/mdshabbir-ali/code-runtime/internal/cache/redis.go:175.50,177.3 1 0
github.com/mdshabbir-ali/code-runtime/internal/cache/redis.go:178.2,178.12 1 0
github.com/mdshabbir-ali/code-runtime/internal/cache/redis.go:182.63,183.53 1 0
github.com/mdshabbir-ali/code-runtime/internal/cache/redis.go:183.53,185.3 1 0
github.com/mdshabbir-ali/code-runtime/internal/cache/redis.go:186.2,186.12 1 0
github.com/mdshabbir-ali/code-runtime/internal/cache/redis.go:190.71,192.16 2 0
github.com/mdshabbir-ali/code-runtime/internal/cache/redis.go:192.16,194.3 1 0
github.com/mdshabbir-ali/code-runtime/internal/cache/redis.go:195.2,195.19 1 0
github.com/mdshabbir-ali/code-runtime/internal/cache/redis.go:200.70,202.16 2 0
github.com/mdshabbir-ali/code-runtime/internal/cache/redis.go:202.16,204.3 1 0
github.com/mdshabbir-ali/code-runtime/internal/cache/redis.go:205.2,205.15 1 0
github.com/mdshabbir-ali/code-runtime/internal/cache/redis.go:209.82,211.16 2 0
github.com/mdshabbir-ali/code-runtime/internal/cache/redis.go:211.16,213.3 1 0
github.com/mdshabbir-ali/code-runtime/internal/cache/redis.go:214.2,214.9 1 0
github.com/mdshabbir-ali/code-runtime/internal/cache/redis.go:214.9,217.3 1 0
github.com/mdshabbir-ali/code-runtime/internal/cache/redis.go:218.2,218.12 1 0
github.com/mdshabbir-ali/code-runtime/internal/cache/redis.go:223.48,225.2 1 0
github.com/mdshabbir-ali/code-runtime/internal/cache/redis.go:229.51,231.2 1 0
github.com/mdshabbir-ali/code-runtime/internal/cache/redis.go:234.49,236.2 1 0
github.com/mdshabbir-ali/code-runtime/internal/cache/redis.go:239.31,242.2 2 0
github.com/mdshabbir-ali/code-runtime/internal/cache/redis.go:248.34,250.2 1 0
github.com/mdshabbir-ali/code-runtime/internal/cache/submission_cache.go:41.52,43.2 1 0
github.com/mdshabbir-ali/code-runtime/internal/cache/submission_cache.go:46.41,48.2 1 0
github.com/mdshabbir-ali/code-runtime/internal/cache/submission_cache.go:51.37,53.2 1 0
github.com/mdshabbir-ali/code-runtime/internal/cache/submission_cache.go:56.39,58.2 1 0
github.com/mdshabbir-ali/code-runtime/internal/cache/submission_cache.go:62.107,63.84 1 0
github.com/mdshabbir-ali/code-runtime/internal/cache/submission_cache.go:63.84,65.3 1 0
github.com/mdshabbir-ali/code-runtime/internal/cache/submission_cache.go:67.2,67.85 1 0
github.com/mdshabbir-ali/code-runtime/internal/cache/submission_cache.go:67.85,70.3 1 0
github.com/mdshabbir-ali/code-runtime/internal/cache/submission_cache.go:71.2,71.12 1 0
github.com/mdshabbir-ali/code-runtime/internal/cache/submission_cache.go:76.105,78.70 2 0
github.com/mdshabbir-ali/code-runtime/internal/cache/submission_cache.go:78.70,80.3 1 0
github.com/mdshabbir-ali/code-runtime/internal/cache/submission_cache.go:81.2,81.18 1 0
github.com/mdshabbir-ali/code-runtime/internal/cache/submission_cache.go:86.91,87.79 1 0
github.com/mdshabbir-ali/code-runtime/internal/cache/submission_cache.go:87.79,89.3 1 0
github.com/mdshabbir-ali/code-runtime/internal/cache/submission_cache.go:90.2,90.12 1 0
github.com/mdshabbir-ali/code-runtime/internal/cache/submission_cache.go:95.86,97.69 2 0
github.com/mdshabbir-ali/code-runtime/internal/cache/submission_cache.go:97.69,99.3 1 0
github.com/mdshabbir-ali/code-runtime/internal/cache/submission_cache.go:100.2,100.20 1 0
github.com/mdshabbir-ali/code-runtime/internal/cache/submission_cache.go:105.90,111.27 2 0
github.com/mdshabbir-ali/code-runtime/internal/cache/submission_cache.go:111.27,112.51 1 0
github.com/mdshabbir-ali/code-runtime/internal/cache/submission_cache.go:112.51,114.4 1 0
github.com/mdshabbir-ali/code-runtime/internal/cache/submission_cache.go:116.2,116.12 1 0
github.com/mdshabbir-ali/code-runtime/internal/cache/submission_cache.go:120.100,121.90 1 0
github.com/mdshabbir-ali/code-runtime/internal/cache/submission_cache.go:121.90,123.3 1 0
github.com/mdshabbir-ali/code-runtime/internal/cache/submission_cache.go:124.2,124.12 1 0
github.com/mdshabbir-ali/code-runtime/internal/cache/submission_cache.go:129.93,131.68 2 0
github.com/mdshabbir-ali/code-runtime/internal/cache/submission_cache.go:131.68,133.3 1 0
github.com/mdshabbir-ali/code-runtime/internal/cache/submission_cache.go:134.2,134.17 1 0
github.com/mdshabbir-ali/code-runtime/internal/cache/submission_cache.go:139.80,140.82 1 0
github.com/mdshabbir-ali/code-runtime/internal/cache/submission_cache.go:140.82,142.3 1 0
github.com/mdshabbir-ali/code-runtime/internal/cache/submission_cache.go:143.2,143.12 1 0
github.com/mdshabbir-ali/code-runtime/internal/cache/submission_cache.go:150.39,152.2 1 0
github.com/mdshabbir-ali/code-runtime/internal/cache/submission_cache.go:156.106,157.83 1 0
github.com/mdshabbir-ali/code-runtime/internal/cache/submission_cache.go:157.83,159.3 1 0
github.com/mdshabbir-ali/code-runtime/internal/cache/submission_cache.go:160.2,160.12 1 0
github.com/mdshabbir-ali/code-runtime/internal/cache/submission_cache.go:164.103,166.69 2 0
github.com/mdshabbir-ali/code-runtime/internal/cache/submission_cache.go:166.69,167.23 1 0
github.com/mdshabbir-ali/code-runtime/internal/cache/submission_cache.go:167.23,169.4 1 0
github.com/mdshabbir-ali/code-runtime/internal/cache/submission_cache.go:170.3,170.67 1 0
github.com/mdshabbir-ali/code-runtime/internal/cache/submission_cache.go:172.2,172.19 1 0
github.com/mdshabbir-ali/code-runtime/internal/cache/submission_cache.go:177.81,180.2 2 0
github.com/mdshabbir-ali/code-runtime/internal/cache/submission_cache.go:184.91,187.2 2 0
github.com/mdshabbir-ali/code-runtime/internal/cache/submission_cache.go:191.140,195.34 3 0
github.com/mdshabbir-ali/code-runtime/internal/cache/submission_cache.go:195.34,197.17 2 0
github.com/mdshabbir-ali/code-runtime/internal/cache/submission_cache.go:197.17,199.4 1 0
github.com/mdshabbir-ali/code-runtime/internal/cache/submission_cache.go:200.3,200.54 1 0
github.com/mdshabbir-ali/code-runtime/internal/cache/submission_cache.go:200.54,202.4 1 0
github.com/mdshabbir-ali/code-runtime/internal/cache/submission_cache.go:204.3,204.10 1 0
github.com/mdshabbir-ali/code-runtime/internal/cache/submission_cache.go:205.21,206.25 1 0
github.com/mdshabbir-ali/code-runtime/internal/cache/submission_cache.go:207.30,208.31 1 0
github.com/mdshabbir-ali/code-runtime/internal/cache/submission_cache.go:208.31,210.5 1 0
github.com/mdshabbir-ali/code-runtime/internal/cache/submission_cache.go:214.2,214.27 1 0
github.com/mdshabbir-ali/code-runtime/internal/cache/submission_cache.go:217.36,219.2 1 0
github.com/mdshabbir-ali/code-runtime/internal/cache/submission_cache.go:222.76,228.25 2 0
github.com/mdshabbir-ali/code-runtime/internal/cache/submission_cache.go:228.25,230.3 1 0
github.com/mdshabbir-ali/code-runtime/internal/cache/submission_cache.go:231.2,231.12 1 0
github.com/mdshabbir-ali/code-runtime/cmd/api-gateway/main.go:28.13,31.15 2 0
github.com/mdshabbir-ali/code-runtime/cmd/api-gateway/main.go:31.15,31.33 1 0
github.com/mdshabbir-ali/code-runtime/cmd/api-gateway/main.go:34.2,36.16 3 0
github.com/mdshabbir-ali/code-runtime/cmd/api-gateway/main.go:36.16,38.3 1 0
github.com/mdshabbir-ali/code-runtime/cmd/api-gateway/main.go:39.2,43.16 3 0
github.com/mdshabbir-ali/code-runtime/cmd/api-gateway/main.go:43.16,45.3 1 0
github.com/mdshabbir-ali/code-runtime/cmd/api-gateway/main.go:46.2,46.15 1 0
github.com/mdshabbir-ali/code-runtime/cmd/api-gateway/main.go:46.15,49.50 3 0
github.com/mdshabbir-ali/code-runtime/cmd/api-gateway/main.go:49.50,51.4 1 0
github.com/mdshabbir-ali/code-runtime/cmd/api-gateway/main.go:55.2,56.16 2 0
github.com/mdshabbir-ali/code-runtime/cmd/api-gateway/main.go:56.16,58.3 1 0
github.com/mdshabbir-ali/code-runtime/cmd/api-gateway/main.go:59.2,59.15 1 0
github.com/mdshabbir-ali/code-runtime/cmd/api-gateway/main.go:59.15,60.36 1 0
github.com/mdshabbir-ali/code-runtime/cmd/api-gateway/main.go:60.36,62.4 1 0
github.com/mdshabbir-ali/code-runtime/cmd/api-gateway/main.go:65.2,65.33 1 0
github.com/mdshabbir-ali/code-runtime/cmd/api-gateway/main.go:65.33,66.53 1 0
github.com/mdshabbir-ali/code-runtime/cmd/api-gateway/main.go:66.53,68.4 1 0
github.com/mdshabbir-ali/code-runtime/cmd/api-gateway/main.go:71.2,75.16 3 0
github.com/mdshabbir-ali/code-runtime/cmd/api-gateway/main.go:75.16,77.3 1 0
github.com/mdshabbir-ali/code-runtime/cmd/api-gateway/main.go:78.2,78.15 1 0
github.com/mdshabbir-ali/code-runtime/cmd/api-gateway/main.go:78.15,79.45 1 0
github.com/mdshabbir-ali/code-runtime/cmd/api-gateway/main.go:79.45,81.4 1 0
github.com/mdshabbir-ali/code-runtime/cmd/api-gateway/main.go:84.2,93.16 6 0
github.com/mdshabbir-ali/code-runtime/cmd/api-gateway/main.go:93.16,95.3 1 0
github.com/mdshabbir-ali/code-runtime/cmd/api-gateway/main.go:96.2,145.12 7 0
github.com/mdshabbir-ali/code-runtime/cmd/api-gateway/main.go:145.12,147.3 1 0
github.com/mdshabbir-ali/code-runtime/cmd/api-gateway/main.go:150.2,153.9 3 0
github.com/mdshabbir-ali/code-runtime/cmd/api-gateway/main.go:154.21,155.75 1 0
github.com/mdshabbir-ali/code-runtime/cmd/api-gateway/main.go:156.26,157.17 1 0
github.com/mdshabbir-ali/code-runtime/cmd/api-gateway/main.go:157.17,159.4 1 0
github.com/mdshabbir-ali/code-runtime/cmd/api-gateway/main.go:162.2,165.42 3 0
github.com/mdshabbir-ali/code-runtime/cmd/api-gateway/main.go:165.42,168.3 2 0
github.com/mdshabbir-ali/code-runtime/cmd/api-gateway/main.go:170.2,170.41 1 0
github.com/mdshabbir-ali/code-runtime/cmd/api-gateway/main.go:175.101,176.44 1 0
github.com/mdshabbir-ali/code-runtime/cmd/api-gateway/main.go:176.44,178.17 2 0
github.com/mdshabbir-ali/code-runtime/cmd/api-gateway/main.go:178.17,180.4 1 0
github.com/mdshabbir-ali/code-runtime/cmd/api-gateway/main.go:181.3,184.54 2 0
github.com/mdshabbir-ali/code-runtime/cmd/api-gateway/main.go:186.2,187.44 2 0
github.com/mdshabbir-ali/code-runtime/cmd/api-gateway/main.go:192.32,194.39 2 0
github.com/mdshabbir-ali/code-runtime/cmd/api-gateway/main.go:194.39,196.3 1 0
github.com/mdshabbir-ali/code-runtime/cmd/api-gateway/main.go:198.2,214.16 6 0
github.com/mdshabbir-ali/code-runtime/cmd/api-gateway/main.go:214.16,217.3 1 0
github.com/mdshabbir-ali/code-runtime/cmd/api-gateway/main.go:218.2,218.12 1 0
github.com/mdshabbir-ali/code-runtime/cmd/queue-manager/main.go:33.13,35.16 2 0
github.com/mdshabbir-ali/code-runtime/cmd/queue-manager/main.go:35.16,38.3 2 0
github.com/mdshabbir-ali/code-runtime/cmd/queue-manager/main.go:39.2,39.15 1 0
github.com/mdshabbir-ali/code-runtime/cmd/queue-manager/main.go:39.15,39.36 1 0
github.com/mdshabbir-ali/code-runtime/cmd/queue-manager/main.go:41.2,41.36 1 0
github.com/mdshabbir-ali/code-runtime/cmd/queue-manager/main.go:41.36,43.3 1 0
github.com/mdshabbir-ali/code-runtime/cmd/queue-manager/main.go:48.36,50.16 2 0
github.com/mdshabbir-ali/code-runtime/cmd/queue-manager/main.go:50.16,52.3 1 0
github.com/mdshabbir-ali/code-runtime/cmd/queue-manager/main.go:55.2,55.44 1 0
github.com/mdshabbir-ali/code-runtime/cmd/queue-manager/main.go:55.44,57.3 1 0
github.com/mdshabbir-ali/code-runtime/cmd/queue-manager/main.go:59.2,60.16 2 0
github.com/mdshabbir-ali/code-runtime/cmd/queue-manager/main.go:60.16,62.3 1 0
github.com/mdshabbir-ali/code-runtime/cmd/queue-manager/main.go:63.2,65.51 2 0
github.com/mdshabbir-ali/code-runtime/cmd/queue-manager/main.go:65.51,67.3 1 0
github.com/mdshabbir-ali/code-runtime/cmd/queue-manager/main.go:69.2,89.12 13 0
github.com/mdshabbir-ali/code-runtime/cmd/queue-manager/main.go:95.59,102.16 5 0
github.com/mdshabbir-ali/code-runtime/cmd/queue-manager/main.go:102.16,104.3 1 0
github.com/mdshabbir-ali/code-runtime/cmd/queue-manager/main.go:106.2,106.63 1 0
github.com/mdshabbir-ali/code-runtime/cmd/queue-manager/main.go:106.63,107.21 1 0
github.com/mdshabbir-ali/code-runtime/cmd/queue-manager/main.go:107.21,109.4 1 0
github.com/mdshabbir-ali/code-runtime/cmd/queue-manager/main.go:110.3,110.70 1 0
github.com/mdshabbir-ali/code-runtime/cmd/queue-manager/main.go:113.2,121.12 7 0
github.com/mdshabbir-ali/code-runtime/cmd/queue-manager/main.go:121.12,123.39 2 0
github.com/mdshabbir-ali/code-runtime/cmd/queue-manager/main.go:123.39,125.4 1 0
github.com/mdshabbir-ali/code-runtime/cmd/queue-manager/main.go:126.3,126.20 1 0
github.com/mdshabbir-ali/code-runtime/cmd/queue-manager/main.go:129.2,131.9 2 0
github.com/mdshabbir-ali/code-runtime/cmd/queue-manager/main.go:132.20,133.42 1 0
github.com/mdshabbir-ali/code-runtime/cmd/queue-manager/main.go:134.27,135.17 1 0
github.com/mdshabbir-ali/code-runtime/cmd/queue-manager/main.go:135.17,137.4 1 0
github.com/mdshabbir-ali/code-runtime/cmd/queue-manager/main.go:138.26,139.17 1 0
github.com/mdshabbir-ali/code-runtime/cmd/queue-manager/main.go:139.17,141.4 1 0
github.com/mdshabbir-ali/code-runtime/cmd/queue-manager/main.go:144.2,149.12 6 0
github.com/mdshabbir-ali/code-runtime/cmd/queue-manager/main.go:153.40,156.73 3 0
github.com/mdshabbir-ali/code-runtime/cmd/queue-manager/main.go:156.73,160.3 3 0
github.com/mdshabbir-ali/code-runtime/cmd/queue-manager/main.go:161.2,167.3 1 0
github.com/mdshabbir-ali/code-runtime/cmd/queue-manager/main.go:171.114,179.6 4 0
github.com/mdshabbir-ali/code-runtime/cmd/queue-manager/main.go:179.6,180.10 1 0
github.com/mdshabbir-ali/code-runtime/cmd/queue-manager/main.go:181.21,182.10 1 0
github.com/mdshabbir-ali/code-runtime/cmd/queue-manager/main.go:183.19,184.35 1 0
github.com/mdshabbir-ali/code-runtime/cmd/queue-manager/main.go:184.35,185.18 1 0
github.com/mdshabbir-ali/code-runtime/cmd/queue-manager/main.go:185.18,186.14 1 0
github.com/mdshabbir-ali/code-runtime/cmd/queue-manager/main.go:188.5,188.65 1 0
github.com/mdshabbir-ali/code-runtime/cmd/queue-manager/main.go:188.65,190.6 1 0
github.com/mdshabbir-ali/code-runtime/cmd/queue-manager/main.go:190.11,192.6 1 0
github.com/mdshabbir-ali/code-runtime/cmd/queue-manager/main.go:199.81,201.24 2 0
github.com/mdshabbir-ali/code-runtime/cmd/queue-manager/main.go:201.24,203.3 1 0
github.com/mdshabbir-ali/code-runtime/cmd/queue-manager/main.go:204.2,214.16 3 0
github.com/mdshabbir-ali/code-runtime/cmd/queue-manager/main.go:214.16,216.3 1 0
github.com/mdshabbir-ali/code-runtime/cmd/queue-manager/main.go:217.2,217.20 1 0
github.com/mdshabbir-ali/code-runtime/cmd/queue-manager/main.go:221.58,222.39 1 0
github.com/mdshabbir-ali/code-runtime/cmd/queue-manager/main.go:222.39,224.3 1 0
github.com/mdshabbir-ali/code-runtime/cmd/queue-manager/main.go:230.121,232.16 2 0
github.com/mdshabbir-ali/code-runtime/cmd/queue-manager/main.go:232.16,235.3 2 0
github.com/mdshabbir-ali/code-runtime/cmd/queue-manager/main.go:236.2,236.85 1 0
github.com/mdshabbir-ali/code-runtime/cmd/queue-manager/main.go:240.101,255.2 6 0
github.com/mdshabbir-ali/code-runtime/cmd/queue-manager/main.go:258.101,260.12 2 0
github.com/mdshabbir-ali/code-runtime/cmd/queue-manager/main.go:260.12,263.39 3 0
github.com/mdshabbir-ali/code-runtime/cmd/queue-manager/main.go:263.39,265.4 1 0
github.com/mdshabbir-ali/code-runtime/cmd/queue-manager/main.go:266.3,266.12 1 0
github.com/mdshabbir-ali/code-runtime/cmd/queue-manager/main.go:268.2,268.11 1 0
github.com/mdshabbir-ali/code-runtime/cmd/queue-manager/main.go:272.111,274.12 2 0
github.com/mdshabbir-ali/code-runtime/cmd/queue-manager/main.go:274.12,275.7 1 0
github.com/mdshabbir-ali/code-runtime/cmd/queue-manager/main.go:275.7,276.11 1 0
github.com/mdshabbir-ali/code-runtime/cmd/queue-manager/main.go:277.22,279.11 2 0
github.com/mdshabbir-ali/code-runtime/cmd/queue-manager/main.go:280.20,282.77 2 0
github.com/mdshabbir-ali/code-runtime/cmd/queue-manager/main.go:282.77,284.6 1 0
github.com/mdshabbir-ali/code-runtime/cmd/queue-manager/main.go:285.5,285.86 1 0
github.com/mdshabbir-ali/code-runtime/cmd/queue-manager/main.go:285.86,287.6 1 0
github.com/mdshabbir-ali/code-runtime/cmd/queue-manager/main.go:294.73,296.12 2 0
github.com/mdshabbir-ali/code-runtime/cmd/queue-manager/main.go:296.12,299.43 3 0
github.com/mdshabbir-ali/code-runtime/cmd/queue-manager/main.go:299.43,301.4 1 0
github.com/mdshabbir-ali/code-runtime/cmd/queue-manager/main.go:302.3,302.12 1 0
github.com/mdshabbir-ali/code-runtime/cmd/queue-manager/main.go:304.2,304.11 1 0
github.com/mdshabbir-ali/code-runtime/cmd/queue-manager/main.go:308.82,313.9 4 0
github.com/mdshabbir-ali/code-runtime/cmd/queue-manager/main.go:314.22,315.84 1 0
github.com/mdshabbir-ali/code-runtime/cmd/queue-manager/main.go:316.25,317.17 1 0
github.com/mdshabbir-ali/code-runtime/cmd/queue-manager/main.go:317.17,319.4 1 0
github.com/mdshabbir-ali/code-runtime/cmd/queue-manager/main.go:320.26,321.17 1 0
github.com/mdshabbir-ali/code-runtime/cmd/queue-manager/main.go:321.17,323.4 1 0
github.com/mdshabbir-ali/code-runtime/cmd/queue-manager/main.go:328.76,335.42 5 0
github.com/mdshabbir-ali/code-runtime/cmd/queue-manager/main.go:335.42,337.3 1 0
github.com/mdshabbir-ali/code-runtime/cmd/queue-manager/main.go:339.2,339.9 1 0
github.com/mdshabbir-ali/code-runtime/cmd/queue-manager/main.go:340.20,341.50 1 0
github.com/mdshabbir-ali/code-runtime/cmd/queue-manager/main.go:342.25,343.17 1 0
github.com/mdshabbir-ali/code-runtime/cmd/queue-manager/main.go:343.17,345.4 1 0
github.com/mdshabbir-ali/code-runtime/cmd/queue-manager/main.go:345.9,347.4 1 0
github.com/mdshabbir-ali/code-runtime/cmd/queue-manager/main.go:350.2,350.48 1 0
github.com/mdshabbir-ali/code-runtime/cmd/queue-manager/main.go:354.83,360.54 2 0
github.com/mdshabbir-ali/code-runtime/cmd/queue-manager/main.go:360.54,367.10 5 0
github.com/mdshabbir-ali/code-runtime/cmd/queue-manager/main.go:367.10,369.4 1 0
github.com/mdshabbir-ali/code-runtime/cmd/queue-manager/main.go:371.3,373.80 3 0
github.com/mdshabbir-ali/code-runtime/cmd/queue-manager/main.go:379.115,383.52 3 0
github.com/mdshabbir-ali/code-runtime/cmd/queue-manager/main.go:383.52,387.3 3 0
github.com/mdshabbir-ali/code-runtime/cmd/queue-manager/main.go:387.8,389.3 1 0
github.com/mdshabbir-ali/code-runtime/cmd/queue-manager/main.go:391.2,391.19 1 0
github.com/mdshabbir-ali/code-runtime/cmd/queue-manager/main.go:396.44,397.35 1 0
github.com/mdshabbir-ali/code-runtime/cmd/queue-manager/main.go:397.35,399.3 1 0
github.com/mdshabbir-ali/code-runtime/cmd/queue-manager/main.go:400.2,400.12 1 0
github.com/mdshabbir-ali/code-runtime/internal/database/batch_repository.go:65.49,67.2 1 0
github.com/mdshabbir-ali/code-runtime/internal/database/batch_repository.go:69.76,74.66 3 0
github.com/mdshabbir-ali/code-runtime/internal/database/batch_repository.go:74.66,78.3 3 0
github.com/mdshabbir-ali/code-runtime/internal/database/batch_repository.go:79.2,79.12 1 0
github.com/mdshabbir-ali/code-runtime/internal/database/batch_repository.go:82.118,90.67 3 0
github.com/mdshabbir-ali/code-runtime/internal/database/batch_repository.go:90.67,91.48 1 0
github.com/mdshabbir-ali/code-runtime/internal/database/batch_repository.go:91.48,93.4 1 0
github.com/mdshabbir-ali/code-runtime/internal/database/batch_repository.go:94.3,94.20 1 0
github.com/mdshabbir-ali/code-runtime/internal/database/batch_repository.go:94.20,95.62 1 0
github.com/mdshabbir-ali/code-runtime/internal/database/batch_repository.go:95.62,97.5 1 0
github.com/mdshabbir-ali/code-runtime/internal/database/batch_repository.go:99.3,99.13 1 0
github.com/mdshabbir-ali/code-runtime/internal/database/batch_repository.go:101.2,101.16 1 0
github.com/mdshabbir-ali/code-runtime/internal/database/batch_repository.go:101.16,105.3 3 0
github.com/mdshabbir-ali/code-runtime/internal/database/batch_repository.go:106.2,106.12 1 0
github.com/mdshabbir-ali/code-runtime/internal/database/batch_repository.go:110.82,119.22 4 0
github.com/mdshabbir-ali/code-runtime/internal/database/batch_repository.go:119.22,123.3 3 0
github.com/mdshabbir-ali/code-runtime/internal/database/batch_repository.go:124.2,124.35 1 0
github.com/mdshabbir-ali/code-runtime/internal/database/batch_repository.go:128.71,137.22 4 0
github.com/mdshabbir-ali/code-runtime/internal/database/batch_repository.go:137.22,141.3 3 0
github.com/mdshabbir-ali/code-runtime/internal/database/batch_repository.go:142.2,142.12 1 0
github.com/mdshabbir-ali/code-runtime/internal/database/batch_repository.go:145.84,155.16 5 0
github.com/mdshabbir-ali/code-runtime/internal/database/batch_repository.go:155.16,157.45 2 0
github.com/mdshabbir-ali/code-runtime/internal/database/batch_repository.go:157.45,160.4 2 0
github.com/mdshabbir-ali/code-runtime/internal/database/batch_repository.go:161.3,162.55 2 0
github.com/mdshabbir-ali/code-runtime/internal/database/batch_repository.go:164.2,164.20 1 0
github.com/mdshabbir-ali/code-runtime/internal/database/batch_repository.go:167.104,176.33 4 0
github.com/mdshabbir-ali/code-runtime/internal/database/batch_repository.go:176.33,180.3 3 0
github.com/mdshabbir-ali/code-runtime/internal/database/batch_repository.go:181.2,182.18 2 0
github.com/mdshabbir-ali/code-runtime/internal/database/batch_repository.go:185.95,193.67 4 0
github.com/mdshabbir-ali/code-runtime/internal/database/batch_repository.go:193.67,202.23 2 0
github.com/mdshabbir-ali/code-runtime/internal/database/batch_repository.go:202.23,204.4 1 0
github.com/mdshabbir-ali/code-runtime/internal/database/batch_repository.go:205.3,205.28 1 0
github.com/mdshabbir-ali/code-runtime/internal/database/batch_repository.go:205.28,207.4 1 0
github.com/mdshabbir-ali/code-runtime/internal/database/batch_repository.go:208.3,208.52 1 0
github.com/mdshabbir-ali/code-runtime/internal/database/batch_repository.go:210.2,210.16 1 0
github.com/mdshabbir-ali/code-runtime/internal/database/batch_repository.go:210.16,214.3 3 0
github.com/mdshabbir-ali/code-runtime/internal/database/batch_repository.go:215.2,219.20 2 0
github.com/mdshabbir-ali/code-runtime/internal/database/batch_repository.go:222.111,235.19 4 0
github.com/mdshabbir-ali/code-runtime/internal/database/batch_repository.go:235.19,237.3 1 0
github.com/mdshabbir-ali/code-runtime/internal/database/batch_repository.go:239.2,243.22 2 0
github.com/mdshabbir-ali/code-runtime/internal/database/batch_repository.go:243.22,247.3 3 0
github.com/mdshabbir-ali/code-runtime/internal/database/batch_repository.go:248.2,248.27 1 0
github.com/mdshabbir-ali/code-runtime/internal/database/batch_repository.go:248.27,250.3 1 0
github.com/mdshabbir-ali/code-runtime/internal/database/batch_repository.go:251.2,251.12 1 0
github.com/mdshabbir-ali/code-runtime/internal/database/batch_repository.go:264.53,266.2 1 0
github.com/mdshabbir-ali/code-runtime/internal/database/batch_repository.go:268.79,273.65 3 0
github.com/mdshabbir-ali/code-runtime/internal/database/batch_repository.go:273.65,277.3 3 0
github.com/mdshabbir-ali/code-runtime/internal/database/batch_repository.go:278.2,278.12 1 0
github.com/mdshabbir-ali/code-runtime/internal/database/batch_repository.go:281.88,288.16 5 0
github.com/mdshabbir-ali/code-runtime/internal/database/batch_repository.go:288.16,290.45 2 0
github.com/mdshabbir-ali/code-runtime/internal/database/batch_repository.go:290.45,293.4 2 0
github.com/mdshabbir-ali/code-runtime/internal/database/batch_repository.go:294.3,295.57 2 0
github.com/mdshabbir-ali/code-runtime/internal/database/batch_repository.go:297.2,297.19 1 0
github.com/mdshabbir-ali/code-runtime/internal/database/batch_repository.go:300.96,305.19 4 0
github.com/mdshabbir-ali/code-runtime/internal/database/batch_repository.go:305.19,307.3 1 0
github.com/mdshabbir-ali/code-runtime/internal/database/batch_repository.go:309.2,310.45 2 0
github.com/mdshabbir-ali/code-runtime/internal/database/batch_repository.go:310.45,314.3 3 0
github.com/mdshabbir-ali/code-runtime/internal/database/batch_repository.go:315.2,316.19 2 0
github.com/mdshabbir-ali/code-runtime/internal/database/db.go:14.64,26.2 1 0
github.com/mdshabbir-ali/code-runtime/internal/database/db.go:29.46,31.2 1 0
github.com/mdshabbir-ali/code-runtime/internal/database/db.go:34.37,44.2 1 0
github.com/mdshabbir-ali/code-runtime/internal/database/migrations.go:22.47,28.35 2 0
github.com/mdshabbir-ali/code-runtime/internal/database/migrations.go:28.35,30.3 1 0
github.com/mdshabbir-ali/code-runtime/internal/database/migrations.go:31.2,31.15 1 0
github.com/mdshabbir-ali/code-runtime/internal/database/migrations.go:31.15,33.3 1 0
github.com/mdshabbir-ali/code-runtime/internal/database/migrations.go:34.2,35.47 2 0
github.com/mdshabbir-ali/code-runtime/internal/database/migrations.go:35.47,37.3 1 0
github.com/mdshabbir-ali/code-runtime/internal/database/migrations.go:38.2,38.12 1 0
github.com/mdshabbir-ali/code-runtime/internal/database/migrations.go:43.34,57.16 3 0
github.com/mdshabbir-ali/code-runtime/internal/database/migrations.go:57.16,59.3 1 0
github.com/mdshabbir-ali/code-runtime/internal/database/migrations.go:68.2,81.30 2 0
github.com/mdshabbir-ali/code-runtime/internal/database/migrations.go:81.30,82.46 1 0
github.com/mdshabbir-ali/code-runtime/internal/database/migrations.go:82.46,84.4 1 0
github.com/mdshabbir-ali/code-runtime/internal/database/migrations.go:87.2,88.12 2 0
github.com/mdshabbir-ali/code-runtime/internal/database/migrations.go:93.33,100.25 3 0
github.com/mdshabbir-ali/code-runtime/internal/database/migrations.go:100.25,102.3 1 0
github.com/mdshabbir-ali/code-runtime/internal/database/migrations.go:103.2,104.12 2 0
github.com/mdshabbir-ali/code-runtime/internal/database/migrations.go:109.34,132.25 5 0
github.com/mdshabbir-ali/code-runtime/internal/database/migrations.go:132.25,134.3 1 0
github.com/mdshabbir-ali/code-runtime/internal/database/migrations.go:136.2,137.12 2 0
github.com/mdshabbir-ali/code-runtime/internal/database/migrations.go:142.35,143.42 1 0
github.com/mdshabbir-ali/code-runtime/internal/database/migrations.go:143.42,145.3 1 0
github.com/mdshabbir-ali/code-runtime/internal/database/migrations.go:146.2,146.41 1 0
github.com/mdshabbir-ali/code-runtime/internal/database/migrations.go:146.41,148.3 1 0
github.com/mdshabbir-ali/code-runtime/internal/database/migrations.go:149.2,149.26 1 0
github.com/mdshabbir-ali/code-runtime/internal/database/mysql.go:42.40,47.2 1 0
github.com/mdshabbir-ali/code-runtime/internal/database/mysql.go:52.43,53.53 1 0
github.com/mdshabbir-ali/code-runtime/internal/database/mysql.go:54.49,55.17 1 0
github.com/mdshabbir-ali/code-runtime/internal/database/mysql.go:56.43,57.16 1 0
github.com/mdshabbir-ali/code-runtime/internal/database/mysql.go:58.48,59.23 1 0
github.com/mdshabbir-ali/code-runtime/internal/database/mysql.go:60.29,61.21 1 0
github.com/mdshabbir-ali/code-runtime/internal/database/mysql.go:62.10,63.17 1 0
github.com/mdshabbir-ali/code-runtime/internal/database/mysql.go:68.39,69.19 1 0
github.com/mdshabbir-ali/code-runtime/internal/database/mysql.go:69.19,71.3 1 0
github.com/mdshabbir-ali/code-runtime/internal/database/mysql.go:72.2,72.23 1 0
github.com/mdshabbir-ali/code-runtime/internal/database/mysql.go:72.23,74.3 1 0
github.com/mdshabbir-ali/code-runtime/internal/database/mysql.go:75.2,75.27 1 0
github.com/mdshabbir-ali/code-runtime/internal/database/mysql.go:75.27,77.3 1 0
github.com/mdshabbir-ali/code-runtime/internal/database/mysql.go:78.2,78.27 1 0
github.com/mdshabbir-ali/code-runtime/internal/database/mysql.go:78.27,80.3 1 0
github.com/mdshabbir-ali/code-runtime/internal/database/mysql.go:81.2,81.34 1 0
github.com/mdshabbir-ali/code-runtime/internal/database/mysql.go:81.34,83.3 1 0
github.com/mdshabbir-ali/code-runtime/internal/database/mysql.go:88.65,91.16 2 0
github.com/mdshabbir-ali/code-runtime/internal/database/mysql.go:91.16,93.3 1 0
github.com/mdshabbir-ali/code-runtime/internal/database/mysql.go:95.2,107.52 4 0
github.com/mdshabbir-ali/code-runtime/internal/database/mysql.go:107.52,108.18 1 0
github.com/mdshabbir-ali/code-runtime/internal/database/mysql.go:108.18,116.4 3 0
github.com/mdshabbir-ali/code-runtime/internal/database/mysql.go:118.3,126.17 2 0
github.com/mdshabbir-ali/code-runtime/internal/database/mysql.go:126.17,127.9 1 0
github.com/mdshabbir-ali/code-runtime/internal/database/mysql.go:131.2,131.16 1 0
github.com/mdshabbir-ali/code-runtime/internal/database/mysql.go:131.16,133.3 1 0
github.com/mdshabbir-ali/code-runtime/internal/database/mysql.go:136.2,137.16 2 0
github.com/mdshabbir-ali/code-runtime/internal/database/mysql.go:137.16,139.3 1 0
github.com/mdshabbir-ali/code-runtime/internal/database/mysql.go:140.2,148.46 7 0
github.com/mdshabbir-ali/code-runtime/internal/database/mysql.go:148.46,150.3 1 0
github.com/mdshabbir-ali/code-runtime/internal/database/mysql.go:152.2,160.36 2 0
github.com/mdshabbir-ali/code-runtime/internal/database/mysql.go:165.56,166.53 1 0
github.com/mdshabbir-ali/code-runtime/internal/database/mysql.go:166.53,168.3 1 0
github.com/mdshabbir-ali/code-runtime/internal/database/mysql.go:169.2,169.12 1 0
github.com/mdshabbir-ali/code-runtime/internal/database/mysql.go:173.54,175.16 2 0
github.com/mdshabbir-ali/code-runtime/internal/database/mysql.go:175.16,177.3 1 0
github.com/mdshabbir-ali/code-runtime/internal/database/mysql.go:178.2,178.46 1 0
github.com/mdshabbir-ali/code-runtime/internal/database/mysql.go:178.46,180.3 1 0
github.com/mdshabbir-ali/code-runtime/internal/database/mysql.go:181.2,181.12 1 0
github.com/mdshabbir-ali/code-runtime/internal/database/mysql.go:185.44,187.16 2 0
github.com/mdshabbir-ali/code-runtime/internal/database/mysql.go:187.16,189.3 1 0
github.com/mdshabbir-ali/code-runtime/internal/database/mysql.go:190.2,190.27 1 0
github.com/mdshabbir-ali/code-runtime/internal/database/mysql.go:194.29,196.16 2 0
github.com/mdshabbir-ali/code-runtime/internal/database/mysql.go:196.16,198.3 1 0
github.com/mdshabbir-ali/code-runtime/internal/database/mysql.go:199.2,200.22 2 0
github.com/mdshabbir-ali/code-runtime/internal/database/repository.go:65.59,67.2 1 0
[...]
github.com/mdshabbir-ali/code-runtime/internal/worker/worker.go:499.2,499.23 1 0
github.com/mdshabbir-ali/code-runtime/internal/worker/worker.go:499.23,501.3 1 0
github.com/mdshabbir-ali/code-runtime/internal/worker/worker.go:504.2,504.26 1 0
github.com/mdshabbir-ali/code-runtime/internal/worker/worker.go:504.26,507.25 3 0
github.com/mdshabbir-ali/code-runtime/internal/worker/worker.go:507.25,509.4 1 0
github.com/mdshabbir-ali/code-runtime/internal/worker/worker.go:512.2,512.30 1 0
github.com/mdshabbir-ali/code-runtime/internal/worker/worker.go:521.67,538.2 2 0
github.com/mdshabbir-ali/code-runtime/internal/worker/worker.go:547.29,563.22 6 0
github.com/mdshabbir-ali/code-runtime/internal/worker/worker.go:563.22,565.3 1 0
github.com/mdshabbir-ali/code-runtime/internal/worker/worker.go:566.2,566.22 1 0
github.com/mdshabbir-ali/code-runtime/internal/worker/worker.go:566.22,568.3 1 0
github.com/mdshabbir-ali/code-runtime/internal/worker/worker.go:569.2,569.29 1 0
github.com/mdshabbir-ali/code-runtime/internal/worker/worker.go:569.29,571.3 1 0
github.com/mdshabbir-ali/code-runtime/internal/worker/worker.go:572.2,572.18 1 0
github.com/mdshabbir-ali/code-runtime/internal/worker/worker.go:572.18,574.3 1 0
github.com/mdshabbir-ali/code-runtime/internal/worker/worker.go:575.2,575.17 1 0
github.com/mdshabbir-ali/code-runtime/internal/worker/worker.go:575.17,577.3 1 0
github.com/mdshabbir-ali/code-runtime/internal/worker/worker.go:578.2,578.15 1 0
github.com/mdshabbir-ali/code-runtime/internal/worker/worker.go:578.15,580.3 1 0
github.com/mdshabbir-ali/code-runtime/internal/worker/worker.go:581.2,581.13 1 0
github.com/mdshabbir-ali/code-runtime/internal/worker/worker.go:585.31,585.44 1 0
github.com/mdshabbir-ali/code-runtime/internal/tracing/tracing.go:27.67,28.26 1 0
github.com/mdshabbir-ali/code-runtime/internal/tracing/tracing.go:28.26,31.3 2 0
github.com/mdshabbir-ali/code-runtime/internal/tracing/tracing.go:33.2,43.14 4 0
github.com/mdshabbir-ali/code-runtime/internal/tracing/tracing.go:43.14,45.3 1 0
github.com/mdshabbir-ali/code-runtime/internal/tracing/tracing.go:47.2,48.16 2 0
github.com/mdshabbir-ali/code-runtime/internal/tracing/tracing.go:48.16,50.3 1 0
github.com/mdshabbir-ali/code-runtime/internal/tracing/tracing.go:52.2,59.16 2 0
github.com/mdshabbir-ali/code-runtime/internal/tracing/tracing.go:59.16,63.17 2 0
github.com/mdshabbir-ali/code-runtime/internal/tracing/tracing.go:63.17,68.4 1 0
github.com/mdshabbir-ali/code-runtime/internal/tracing/tracing.go:71.2,88.41 5 0
github.com/mdshabbir-ali/code-runtime/internal/tracing/tracing.go:92.56,93.17 1 0
github.com/mdshabbir-ali/code-runtime/internal/tracing/tracing.go:93.17,95.3 1 0
github.com/mdshabbir-ali/code-runtime/internal/tracing/tracing.go:96.2,96.43 1 0
github.com/mdshabbir-ali/code-runtime/internal/tracing/tracing.go:96.43,98.3 1 0
github.com/mdshabbir-ali/code-runtime/internal/tracing/tracing.go:99.2,100.12 2 0
github.com/mdshabbir-ali/code-runtime/internal/tracing/tracing.go:107.66,109.9 2 0
github.com/mdshabbir-ali/code-runtime/internal/tracing/tracing.go:110.41,111.74 1 0
github.com/mdshabbir-ali/code-runtime/internal/tracing/tracing.go:112.42,113.79 1 0
github.com/mdshabbir-ali/code-runtime/internal/tracing/tracing.go:114.10,115.47 1 0
github.com/mdshabbir-ali/code-runtime/internal/queue/sqs/client.go:39.83,41.22 2 0
github.com/mdshabbir-ali/code-runtime/internal/queue/sqs/client.go:41.22,43.3 1 0
github.com/mdshabbir-ali/code-runtime/internal/queue/sqs/client.go:45.2,46.16 2 0
github.com/mdshabbir-ali/code-runtime/internal/queue/sqs/client.go:46.16,48.3 1 0
github.com/mdshabbir-ali/code-runtime/internal/queue/sqs/client.go:50.2,50.56 1 0
github.com/mdshabbir-ali/code-runtime/internal/queue/sqs/client.go:50.56,51.25 1 0
github.com/mdshabbir-ali/code-runtime/internal/queue/sqs/client.go:51.25,53.4 1 0
github.com/mdshabbir-ali/code-runtime/internal/queue/sqs/consumer.go:48.103,49.16 1 0
github.com/mdshabbir-ali/code-runtime/internal/queue/sqs/consumer.go:49.16,51.3 1 0
github.com/mdshabbir-ali/code-runtime/internal/queue/sqs/consumer.go:52.2,53.22 2 0
github.com/mdshabbir-ali/code-runtime/internal/queue/sqs/consumer.go:53.22,55.3 1 0
github.com/mdshabbir-ali/code-runtime/internal/queue/sqs/consumer.go:56.2,57.28 2 0
github.com/mdshabbir-ali/code-runtime/internal/queue/sqs/consumer.go:57.28,59.3 1 0
github.com/mdshabbir-ali/code-runtime/internal/queue/sqs/consumer.go:60.2,61.13 2 0
github.com/mdshabbir-ali/code-runtime/internal/queue/sqs/consumer.go:61.13,63.3 1 0
github.com/mdshabbir-ali/code-runtime/internal/queue/sqs/consumer.go:64.2,74.3 1 0
github.com/mdshabbir-ali/code-runtime/internal/queue/sqs/consumer.go:78.79,85.6 2 0
github.com/mdshabbir-ali/code-runtime/internal/queue/sqs/consumer.go:85.6,86.10 1 0
github.com/mdshabbir-ali/code-runtime/internal/queue/sqs/consumer.go:87.21,89.14 2 0
github.com/mdshabbir-ali/code-runtime/internal/queue/sqs/consumer.go:90.19,92.14 2 0
github.com/mdshabbir-ali/code-runtime/internal/queue/sqs/consumer.go:93.11,93.11 0 0
github.com/mdshabbir-ali/code-runtime/internal/queue/sqs/consumer.go:97.3,97.26 1 0
github.com/mdshabbir-ali/code-runtime/internal/queue/sqs/consumer.go:97.26,98.90 1 0
github.com/mdshabbir-ali/code-runtime/internal/queue/sqs/consumer.go:98.90,99.13 1 0
github.com/mdshabbir-ali/code-runtime/internal/queue/sqs/consumer.go:102.3,102.60 1 0
github.com/mdshabbir-ali/code-runtime/internal/queue/sqs/consumer.go:107.33,108.19 1 0
github.com/mdshabbir-ali/code-runtime/internal/queue/sqs/consumer.go:108.19,108.38 1 0
github.com/mdshabbir-ali/code-runtime/internal/queue/sqs/consumer.go:109.2,111.12 3 0
github.com/mdshabbir-ali/code-runtime/internal/queue/sqs/consumer.go:116.119,117.20 1 0
github.com/mdshabbir-ali/code-runtime/internal/queue/sqs/consumer.go:117.20,119.3 1 0
github.com/mdshabbir-ali/code-runtime/internal/queue/sqs/consumer.go:120.2,127.16 2 0
github.com/mdshabbir-ali/code-runtime/internal/queue/sqs/consumer.go:127.16,128.10 1 0
github.com/mdshabbir-ali/code-runtime/internal/queue/sqs/consumer.go:129.21,129.21 0 0
github.com/mdshabbir-ali/code-runtime/internal/queue/sqs/consumer.go:130.19,130.19 0 0
github.com/mdshabbir-ali/code-runtime/internal/queue/sqs/consumer.go:131.11,132.82 1 0
github.com/mdshabbir-ali/code-runtime/internal/queue/sqs/consumer.go:134.3,134.11 1 0
github.com/mdshabbir-ali/code-runtime/internal/queue/sqs/consumer.go:137.2,137.30 1 0
github.com/mdshabbir-ali/code-runtime/internal/queue/sqs/consumer.go:137.30,139.10 2 0
github.com/mdshabbir-ali/code-runtime/internal/queue/sqs/consumer.go:140.21,141.28 1 0
github.com/mdshabbir-ali/code-runtime/internal/queue/sqs/consumer.go:142.19,143.28 1 0
github.com/mdshabbir-ali/code-runtime/internal/queue/sqs/consumer.go:144.28,144.28 0 0
github.com/mdshabbir-ali/code-runtime/internal/queue/sqs/consumer.go:146.3,147.13 2 0
github.com/mdshabbir-ali/code-runtime/internal/queue/sqs/consumer.go:147.13,149.17 2 0
github.com/mdshabbir-ali/code-runtime/internal/queue/sqs/consumer.go:149.17,149.28 1 0
github.com/mdshabbir-ali/code-runtime/internal/queue/sqs/consumer.go:150.4,150.42 1 0
github.com/mdshabbir-ali/code-runtime/internal/queue/sqs/consumer.go:153.2,153.26 1 0
github.com/mdshabbir-ali/code-runtime/internal/queue/sqs/consumer.go:158.111,160.16 2 0
github.com/mdshabbir-ali/code-runtime/internal/queue/sqs/consumer.go:160.16,164.3 3 0
github.com/mdshabbir-ali/code-runtime/internal/queue/sqs/consumer.go:166.2,167.16 2 0
github.com/mdshabbir-ali/code-runtime/internal/queue/sqs/consumer.go:167.16,173.3 3 0
github.com/mdshabbir-ali/code-runtime/internal/queue/sqs/consumer.go:175.2,175.35 1 0
github.com/mdshabbir-ali/code-runtime/internal/queue/sqs/consumer.go:176.18,177.45 1 0
github.com/mdshabbir-ali/code-runtime/internal/queue/sqs/consumer.go:178.24,182.45 2 0
github.com/mdshabbir-ali/code-runtime/internal/queue/sqs/consumer.go:183.10,186.32 2 0
github.com/mdshabbir-ali/code-runtime/internal/queue/sqs/consumer.go:191.82,195.17 1 0
github.com/mdshabbir-ali/code-runtime/internal/queue/sqs/consumer.go:195.17,197.3 1 0
github.com/mdshabbir-ali/code-runtime/internal/queue/sqs/consumer.go:203.85,209.17 2 0
github.com/mdshabbir-ali/code-runtime/internal/queue/sqs/consumer.go:209.17,211.3 1 0
github.com/mdshabbir-ali/code-runtime/internal/queue/sqs/consumer.go:215.47,216.17 1 0
github.com/mdshabbir-ali/code-runtime/internal/queue/sqs/consumer.go:216.17,218.3 1 0
github.com/mdshabbir-ali/code-runtime/internal/queue/sqs/consumer.go:219.2,220.58 2 0
github.com/mdshabbir-ali/code-runtime/internal/queue/sqs/consumer.go:220.58,222.3 1 0
github.com/mdshabbir-ali/code-runtime/internal/queue/sqs/consumer.go:223.2,223.19 1 0
github.com/mdshabbir-ali/code-runtime/internal/queue/sqs/consumer.go:223.19,225.3 1 0
github.com/mdshabbir-ali/code-runtime/internal/queue/sqs/consumer.go:226.2,226.21 1 0
github.com/mdshabbir-ali/code-runtime/internal/queue/sqs/consumer.go:230.42,231.51 1 0
github.com/mdshabbir-ali/code-runtime/internal/queue/sqs/consumer.go:231.51,232.44 1 0
github.com/mdshabbir-ali/code-runtime/internal/queue/sqs/consumer.go:232.44,234.4 1 0
github.com/mdshabbir-ali/code-runtime/internal/queue/sqs/consumer.go:236.2,236.10 1 0
github.com/mdshabbir-ali/code-runtime/internal/queue/sqs/consumer.go:240.39,241.9 1 0
github.com/mdshabbir-ali/code-runtime/internal/queue/sqs/consumer.go:242.23,243.12 1 0
github.com/mdshabbir-ali/code-runtime/internal/queue/sqs/consumer.go:244.23,245.12 1 0
github.com/mdshabbir-ali/code-runtime/internal/queue/sqs/consumer.go:246.10,247.12 1 0
github.com/mdshabbir-ali/code-runtime/internal/queue/sqs/consumer.go:252.34,255.2 2 0
github.com/mdshabbir-ali/code-runtime/internal/queue/sqs/dlq.go:34.107,35.16 1 0
github.com/mdshabbir-ali/code-runtime/internal/queue/sqs/dlq.go:35.16,37.3 1 0
github.com/mdshabbir-ali/code-runtime/internal/queue/sqs/dlq.go:38.2,39.28 2 0
github.com/mdshabbir-ali/code-runtime/internal/queue/sqs/dlq.go:39.28,41.3 1 0
github.com/mdshabbir-ali/code-runtime/internal/queue/sqs/dlq.go:42.2,48.3 1 0
github.com/mdshabbir-ali/code-runtime/internal/queue/sqs/dlq.go:52.55,53.20 1 0
github.com/mdshabbir-ali/code-runtime/internal/queue/sqs/dlq.go:53.20,57.3 3 0
github.com/mdshabbir-ali/code-runtime/internal/queue/sqs/dlq.go:58.2,60.6 2 0
github.com/mdshabbir-ali/code-runtime/internal/queue/sqs/dlq.go:60.6,61.10 1 0
github.com/mdshabbir-ali/code-runtime/internal/queue/sqs/dlq.go:62.21,63.20 1 0
github.com/mdshabbir-ali/code-runtime/internal/queue/sqs/dlq.go:64.11,64.11 0 0
github.com/mdshabbir-ali/code-runtime/internal/queue/sqs/dlq.go:67.3,72.17 2 0
github.com/mdshabbir-ali/code-runtime/internal/queue/sqs/dlq.go:72.17,73.11 1 0
github.com/mdshabbir-ali/code-runtime/internal/queue/sqs/dlq.go:74.22,75.21 1 0
github.com/mdshabbir-ali/code-runtime/internal/queue/sqs/dlq.go:76.12,77.56 1 0
github.com/mdshabbir-ali/code-runtime/internal/queue/sqs/dlq.go:79.4,79.12 1 0
github.com/mdshabbir-ali/code-runtime/internal/queue/sqs/dlq.go:81.3,81.31 1 0
github.com/mdshabbir-ali/code-runtime/internal/queue/sqs/dlq.go:81.31,83.4 1 0
github.com/mdshabbir-ali/code-runtime/internal/queue/sqs/dlq.go:88.69,90.16 2 0
github.com/mdshabbir-ali/code-runtime/internal/queue/sqs/dlq.go:90.16,94.3 3 0
github.com/mdshabbir-ali/code-runtime/internal/queue/sqs/dlq.go:95.2,95.21 1 0
github.com/mdshabbir-ali/code-runtime/internal/queue/sqs/dlq.go:95.21,96.57 1 0
github.com/mdshabbir-ali/code-runtime/internal/queue/sqs/dlq.go:96.57,101.4 2 0
github.com/mdshabbir-ali/code-runtime/internal/queue/sqs/dlq.go:103.2,104.77 2 0
github.com/mdshabbir-ali/code-runtime/internal/queue/sqs/dlq.go:108.67,112.17 1 0
github.com/mdshabbir-ali/code-runtime/internal/queue/sqs/dlq.go:112.17,114.3 1 0
github.com/mdshabbir-ali/code-runtime/internal/queue/sqs/dlq.go:119.83,124.16 2 0
github.com/mdshabbir-ali/code-runtime/internal/queue/sqs/dlq.go:124.16,126.3 1 0
github.com/mdshabbir-ali/code-runtime/internal/queue/sqs/dlq.go:127.2,129.22 3 0
github.com/mdshabbir-ali/code-runtime/internal/queue/sqs/dlq.go:129.22,130.25 1 0
github.com/mdshabbir-ali/code-runtime/internal/queue/sqs/dlq.go:130.25,132.4 1 0
github.com/mdshabbir-ali/code-runtime/internal/queue/sqs/dlq.go:133.3,133.26 1 0
github.com/mdshabbir-ali/code-runtime/internal/queue/sqs/dlq.go:135.2,135.15 1 0
github.com/mdshabbir-ali/code-runtime/internal/queue/sqs/publisher.go:32.81,33.16 1 0
github.com/mdshabbir-ali/code-runtime/internal/queue/sqs/publisher.go:33.16,35.3 1 0
github.com/mdshabbir-ali/code-runtime/internal/queue/sqs/publisher.go:36.2,41.3 1 0
github.com/mdshabbir-ali/code-runtime/internal/queue/sqs/publisher.go:45.85,47.2 1 0
github.com/mdshabbir-ali/code-runtime/internal/queue/sqs/publisher.go:51.93,53.15 2 0
github.com/mdshabbir-ali/code-runtime/internal/queue/sqs/publisher.go:53.15,55.3 1 0
github.com/mdshabbir-ali/code-runtime/internal/queue/sqs/publisher.go:56.2,56.30 1 0
github.com/mdshabbir-ali/code-runtime/internal/queue/sqs/publisher.go:61.90,62.62 1 0
github.com/mdshabbir-ali/code-runtime/internal/queue/sqs/publisher.go:62.62,64.22 2 0
github.com/mdshabbir-ali/code-runtime/internal/queue/sqs/publisher.go:64.22,66.4 1 0
github.com/mdshabbir-ali/code-runtime/internal/queue/sqs/publisher.go:67.3,67.59 1 0
github.com/mdshabbir-ali/code-runtime/internal/queue/sqs/publisher.go:67.59,69.4 1 0
github.com/mdshabbir-ali/code-runtime/internal/queue/sqs/publisher.go:71.2,71.12 1 0
github.com/mdshabbir-ali/code-runtime/internal/queue/sqs/publisher.go:75.30,75.31 0 0
github.com/mdshabbir-ali/code-runtime/internal/queue/sqs/publisher.go:78.96,79.20 1 0
github.com/mdshabbir-ali/code-runtime/internal/queue/sqs/publisher.go:79.20,81.3 1 0
github.com/mdshabbir-ali/code-runtime/internal/queue/sqs/publisher.go:82.2,83.16 2 0
github.com/mdshabbir-ali/code-runtime/internal/queue/sqs/publisher.go:83.16,85.3 1 0
github.com/mdshabbir-ali/code-runtime/internal/queue/sqs/publisher.go:86.2,90.16 2 0
github.com/mdshabbir-ali/code-runtime/internal/queue/sqs/publisher.go:90.16,92.3 1 0
github.com/mdshabbir-ali/code-runtime/internal/queue/sqs/publisher.go:93.2,95.12 2 0
github.com/mdshabbir-ali/code-runtime/internal/queue/sqs/publisher.go:99.87,100.21 1 0
github.com/mdshabbir-ali/code-runtime/internal/queue/sqs/publisher.go:100.21,102.3 1 0
github.com/mdshabbir-ali/code-runtime/internal/queue/sqs/publisher.go:103.2,104.27 2 0
github.com/mdshabbir-ali/code-runtime/internal/queue/sqs/publisher.go:104.27,106.17 2 0
github.com/mdshabbir-ali/code-runtime/internal/queue/sqs/publisher.go:106.17,108.4 1 0
github.com/mdshabbir-ali/code-runtime/internal/queue/sqs/publisher.go:109.3,114.5 3 0
github.com/mdshabbir-ali/code-runtime/internal/queue/sqs/publisher.go:117.2,121.16 2 0
github.com/mdshabbir-ali/code-runtime/internal/queue/sqs/publisher.go:121.16,123.3 1 0
github.com/mdshabbir-ali/code-runtime/internal/queue/sqs/publisher.go:124.2,124.25 1 0
github.com/mdshabbir-ali/code-runtime/internal/queue/sqs/publisher.go:124.25,127.3 2 0
github.com/mdshabbir-ali/code-runtime/internal/queue/sqs/publisher.go:128.2,128.12 1 0
github.com/mdshabbir-ali/code-runtime/internal/queue/sqs/publisher.go:132.46,134.16 2 0
github.com/mdshabbir-ali/code-runtime/internal/queue/sqs/publisher.go:134.16,136.3 1 0
github.com/mdshabbir-ali/code-runtime/internal/queue/sqs/publisher.go:137.2,137.23 1 0
github.com/mdshabbir-ali/code-runtime/internal/queue/sqs/publisher.go:141.31,142.14 1 0
github.com/mdshabbir-ali/code-runtime/internal/queue/sqs/publisher.go:142.14,144.3 1 0
github.com/mdshabbir-ali/code-runtime/internal/queue/sqs/publisher.go:145.2,145.11 1 0
github.com/mdshabbir-ali/code-runtime/internal/queue/sqs/start_consumer.go:40.116,41.16 1 0
github.com/mdshabbir-ali/code-runtime/internal/queue/sqs/start_consumer.go:41.16,43.3 1 0
github.com/mdshabbir-ali/code-runtime/internal/queue/sqs/start_consumer.go:44.2,45.28 2 0
github.com/mdshabbir-ali/code-runtime/internal/queue/sqs/start_consumer.go:45.28,47.3 1 0
github.com/mdshabbir-ali/code-runtime/internal/queue/sqs/start_consumer.go:48.2,49.13 2 0
github.com/mdshabbir-ali/code-runtime/internal/queue/sqs/start_consumer.go:49.13,51.3 1 0
github.com/mdshabbir-ali/code-runtime/internal/queue/sqs/start_consumer.go:52.2,61.3 1 0
github.com/mdshabbir-ali/code-runtime/internal/queue/sqs/start_consumer.go:66.58,67.22 1 0
github.com/mdshabbir-ali/code-runtime/internal/queue/sqs/start_consumer.go:67.22,71.3 3 0
github.com/mdshabbir-ali/code-runtime/internal/queue/sqs/start_consumer.go:72.2,74.6 2 0
github.com/mdshabbir-ali/code-runtime/internal/queue/sqs/start_consumer.go:74.6,75.10 1 0
github.com/mdshabbir-ali/code-runtime/internal/queue/sqs/start_consumer.go:76.21,78.14 2 0
github.com/mdshabbir-ali/code-runtime/internal/queue/sqs/start_consumer.go:79.19,81.14 2 0
github.com/mdshabbir-ali/code-runtime/internal/queue/sqs/start_consumer.go:82.11,82.11 0 0
github.com/mdshabbir-ali/code-runtime/internal/queue/sqs/start_consumer.go:84.3,84.28 1 0
github.com/mdshabbir-ali/code-runtime/internal/queue/sqs/start_consumer.go:89.38,90.19 1 0
github.com/mdshabbir-ali/code-runtime/internal/queue/sqs/start_consumer.go:90.19,90.38 1 0
github.com/mdshabbir-ali/code-runtime/internal/queue/sqs/start_consumer.go:91.2,93.12 3 0
github.com/mdshabbir-ali/code-runtime/internal/queue/sqs/start_consumer.go:96.65,104.16 2 0
github.com/mdshabbir-ali/code-runtime/internal/queue/sqs/start_consumer.go:104.16,105.10 1 0
github.com/mdshabbir-ali/code-runtime/internal/queue/sqs/start_consumer.go:106.21,106.21 0 0
github.com/mdshabbir-ali/code-runtime/internal/queue/sqs/start_consumer.go:107.19,107.19 0 0
github.com/mdshabbir-ali/code-runtime/internal/queue/sqs/start_consumer.go:108.11,109.57 1 0
github.com/mdshabbir-ali/code-runtime/internal/queue/sqs/start_consumer.go:111.3,111.9 1 0
github.com/mdshabbir-ali/code-runtime/internal/queue/sqs/start_consumer.go:114.2,114.30 1 0
github.com/mdshabbir-ali/code-runtime/internal/queue/sqs/start_consumer.go:114.30,116.10 2 0
github.com/mdshabbir-ali/code-runtime/internal/queue/sqs/start_consumer.go:117.21,118.10 1 0
github.com/mdshabbir-ali/code-runtime/internal/queue/sqs/start_consumer.go:119.19,120.10 1 0
github.com/mdshabbir-ali/code-runtime/internal/queue/sqs/start_consumer.go:121.28,121.28 0 0
github.com/mdshabbir-ali/code-runtime/internal/queue/sqs/start_consumer.go:123.3,124.13 2 0
github.com/mdshabbir-ali/code-runtime/internal/queue/sqs/start_consumer.go:124.13,126.17 2 0
github.com/mdshabbir-ali/code-runtime/internal/queue/sqs/start_consumer.go:126.17,126.28 1 0
github.com/mdshabbir-ali/code-runtime/internal/queue/sqs/start_consumer.go:127.4,127.23 1 0
github.com/mdshabbir-ali/code-runtime/internal/queue/sqs/start_consumer.go:132.73,134.16 2 0
github.com/mdshabbir-ali/code-runtime/internal/queue/sqs/start_consumer.go:134.16,138.3 3 0
github.com/mdshabbir-ali/code-runtime/internal/queue/sqs/start_consumer.go:139.2,139.48 1 0
github.com/mdshabbir-ali/code-runtime/internal/queue/sqs/start_consumer.go:139.48,144.3 3 0
github.com/mdshabbir-ali/code-runtime/internal/queue/sqs/start_consumer.go:145.2,146.86 2 0
github.com/mdshabbir-ali/code-runtime/internal/queue/sqs/start_consumer.go:149.70,153.17 1 0
github.com/mdshabbir-ali/code-runtime/internal/queue/sqs/start_consumer.go:153.17,155.3 1 0
github.com/mdshabbir-ali/code-runtime/internal/queue/sqs/start_consumer.go:160.73,165.17 1 0
github.com/mdshabbir-ali/code-runtime/internal/queue/sqs/start_consumer.go:165.17,167.3 1 0
github.com/mdshabbir-ali/code-runtime/internal/queue/sqs/start_consumer.go:171.52,172.17 1 0
github.com/mdshabbir-ali/code-runtime/internal/queue/sqs/start_consumer.go:172.17,174.3 1 0
github.com/mdshabbir-ali/code-runtime/internal/queue/sqs/start_consumer.go:175.2,176.58 2 0
github.com/mdshabbir-ali/code-runtime/internal/queue/sqs/start_consumer.go:176.58,178.3 1 0
github.com/mdshabbir-ali/code-runtime/internal/queue/sqs/start_consumer.go:179.2,180.14 2 0
github.com/mdshabbir-ali/code-runtime/internal/queue/sqs/start_consumer.go:180.14,182.3 1 0
github.com/mdshabbir-ali/code-runtime/internal/queue/sqs/start_consumer.go:183.2,183.16 1 0
